<?xml version="1.0" encoding="utf-8"?>
<CoverageSession xmlns:xsd="http://www.w3.org/2001/XMLSchema" xmlns:xsi="http://www.w3.org/2001/XMLSchema-instance" Version="4.6.0.0">
  <Summary numSequencePoints="81" visitedSequencePoints="81" numBranchPoints="23" visitedBranchPoints="23" sequenceCoverage="100" branchCoverage="100" maxCyclomaticComplexity="3" minCyclomaticComplexity="1" maxCrapScore="3" minCrapScore="1" visitedClasses="3" numClasses="3" visitedMethods="19" numMethods="19" />
  <Modules>
    <Module hash="F2-CB-BA-4F-93-AB-2C-74-2A-C1-B4-FC-61-87-B8-37-E8-3F-32-63">
      <Summary numSequencePoints="81" visitedSequencePoints="81" numBranchPoints="23" visitedBranchPoints="23" sequenceCoverage="100" branchCoverage="100" maxCyclomaticComplexity="3" minCyclomaticComplexity="1" maxCrapScore="3" minCrapScore="1" visitedClasses="3" numClasses="3" visitedMethods="19" numMethods="19" />
      <ModulePath>D:\rolodex\DigitalRolodex\DigitalRolodexTests\bin\Debug\DigitalRolodexClassLibrary.dll</ModulePath>
      <ModuleTime>2018-01-06T08:06:39.0905831Z</ModuleTime>
      <ModuleName>DigitalRolodexClassLibrary</ModuleName>
      <Files>
        <File uid="1" fullPath="d:\rolodex\DigitalRolodex\DigitalRolodexClassLibrary\Contact.cs" />
        <File uid="2" fullPath="d:\rolodex\DigitalRolodex\DigitalRolodexClassLibrary\PhoneNumberValidator.cs" />
        <File uid="3" fullPath="d:\rolodex\DigitalRolodex\DigitalRolodexClassLibrary\RolodexValidator.cs" />
      </Files>
      <Classes>
        <Class>
          <Summary numSequencePoints="16" visitedSequencePoints="16" numBranchPoints="4" visitedBranchPoints="4" sequenceCoverage="100" branchCoverage="100" maxCyclomaticComplexity="2" minCyclomaticComplexity="1" maxCrapScore="2" minCrapScore="1" visitedClasses="1" numClasses="1" visitedMethods="2" numMethods="2" />
          <FullName>DigitalRolodexClassLibrary.Contact</FullName>
          <Methods>
            <Method skippedDueTo="AutoImplementedProperty" visited="false" cyclomaticComplexity="1" nPathComplexity="0" sequenceCoverage="0" branchCoverage="0" crapScore="0" isConstructor="false" isStatic="false" isGetter="true" isSetter="false">
              <MetadataToken>100663301</MetadataToken>
              <Name>System.String DigitalRolodexClassLibrary.Contact::get_Name()</Name>
              <SequencePoints />
              <BranchPoints />
            </Method>
            <Method skippedDueTo="AutoImplementedProperty" visited="false" cyclomaticComplexity="1" nPathComplexity="0" sequenceCoverage="0" branchCoverage="0" crapScore="0" isConstructor="false" isStatic="false" isGetter="false" isSetter="true">
              <MetadataToken>100663302</MetadataToken>
              <Name>System.Void DigitalRolodexClassLibrary.Contact::set_Name(System.String)</Name>
              <SequencePoints />
              <BranchPoints />
            </Method>
            <Method skippedDueTo="AutoImplementedProperty" visited="false" cyclomaticComplexity="1" nPathComplexity="0" sequenceCoverage="0" branchCoverage="0" crapScore="0" isConstructor="false" isStatic="false" isGetter="true" isSetter="false">
              <MetadataToken>100663303</MetadataToken>
              <Name>System.String DigitalRolodexClassLibrary.Contact::get_Phone()</Name>
              <SequencePoints />
              <BranchPoints />
            </Method>
            <Method skippedDueTo="AutoImplementedProperty" visited="false" cyclomaticComplexity="1" nPathComplexity="0" sequenceCoverage="0" branchCoverage="0" crapScore="0" isConstructor="false" isStatic="false" isGetter="false" isSetter="true">
              <MetadataToken>100663304</MetadataToken>
              <Name>System.Void DigitalRolodexClassLibrary.Contact::set_Phone(System.String)</Name>
              <SequencePoints />
              <BranchPoints />
            </Method>
            <Method skippedDueTo="AutoImplementedProperty" visited="false" cyclomaticComplexity="1" nPathComplexity="0" sequenceCoverage="0" branchCoverage="0" crapScore="0" isConstructor="false" isStatic="false" isGetter="true" isSetter="false">
              <MetadataToken>100663305</MetadataToken>
              <Name>System.String DigitalRolodexClassLibrary.Contact::get_Email()</Name>
              <SequencePoints />
              <BranchPoints />
            </Method>
            <Method skippedDueTo="AutoImplementedProperty" visited="false" cyclomaticComplexity="1" nPathComplexity="0" sequenceCoverage="0" branchCoverage="0" crapScore="0" isConstructor="false" isStatic="false" isGetter="false" isSetter="true">
              <MetadataToken>100663306</MetadataToken>
              <Name>System.Void DigitalRolodexClassLibrary.Contact::set_Email(System.String)</Name>
              <SequencePoints />
              <BranchPoints />
            </Method>
            <Method skippedDueTo="AutoImplementedProperty" visited="false" cyclomaticComplexity="1" nPathComplexity="0" sequenceCoverage="0" branchCoverage="0" crapScore="0" isConstructor="false" isStatic="false" isGetter="true" isSetter="false">
              <MetadataToken>100663307</MetadataToken>
              <Name>System.String DigitalRolodexClassLibrary.Contact::get_Address()</Name>
              <SequencePoints />
              <BranchPoints />
            </Method>
            <Method skippedDueTo="AutoImplementedProperty" visited="false" cyclomaticComplexity="1" nPathComplexity="0" sequenceCoverage="0" branchCoverage="0" crapScore="0" isConstructor="false" isStatic="false" isGetter="false" isSetter="true">
              <MetadataToken>100663308</MetadataToken>
              <Name>System.Void DigitalRolodexClassLibrary.Contact::set_Address(System.String)</Name>
              <SequencePoints />
              <BranchPoints />
            </Method>
            <Method visited="true" cyclomaticComplexity="1" nPathComplexity="0" sequenceCoverage="100" branchCoverage="100" crapScore="1" isConstructor="true" isStatic="false" isGetter="false" isSetter="false">
              <Summary numSequencePoints="7" visitedSequencePoints="7" numBranchPoints="1" visitedBranchPoints="1" sequenceCoverage="100" branchCoverage="100" maxCyclomaticComplexity="1" minCyclomaticComplexity="1" maxCrapScore="1" minCrapScore="1" visitedClasses="0" numClasses="0" visitedMethods="1" numMethods="1" />
              <MetadataToken>100663309</MetadataToken>
              <Name>System.Void DigitalRolodexClassLibrary.Contact::.ctor(System.String,System.String,System.String,System.String)</Name>
              <FileRef uid="1" />
              <SequencePoints>
                <SequencePoint vc="3" uspid="1" ordinal="0" offset="0" sl="16" sc="9" el="16" ec="86" bec="0" bev="0" fileid="1" />
                <SequencePoint vc="3" uspid="2" ordinal="1" offset="7" sl="16" sc="87" el="16" ec="88" bec="0" bev="0" fileid="1" />
                <SequencePoint vc="3" uspid="3" ordinal="2" offset="8" sl="18" sc="13" el="18" ec="25" bec="0" bev="0" fileid="1" />
                <SequencePoint vc="3" uspid="4" ordinal="3" offset="16" sl="19" sc="13" el="19" ec="52" bec="0" bev="0" fileid="1" />
                <SequencePoint vc="1" uspid="5" ordinal="4" offset="30" sl="20" sc="13" el="20" ec="27" bec="0" bev="0" fileid="1" />
                <SequencePoint vc="1" uspid="6" ordinal="5" offset="38" sl="21" sc="13" el="21" ec="31" bec="0" bev="0" fileid="1" />
                <SequencePoint vc="1" uspid="7" ordinal="6" offset="47" sl="22" sc="9" el="22" ec="10" bec="0" bev="0" fileid="1" />
              </SequencePoints>
              <BranchPoints />
              <MethodPoint xsi:type="SequencePoint" vc="3" uspid="1" ordinal="0" offset="0" sl="16" sc="9" el="16" ec="86" bec="0" bev="0" fileid="1" />
            </Method>
            <Method visited="true" cyclomaticComplexity="2" nPathComplexity="2" sequenceCoverage="100" branchCoverage="100" crapScore="2" isConstructor="false" isStatic="false" isGetter="false" isSetter="false">
              <Summary numSequencePoints="9" visitedSequencePoints="9" numBranchPoints="3" visitedBranchPoints="3" sequenceCoverage="100" branchCoverage="100" maxCyclomaticComplexity="2" minCyclomaticComplexity="2" maxCrapScore="2" minCrapScore="2" visitedClasses="0" numClasses="0" visitedMethods="1" numMethods="1" />
              <MetadataToken>100663310</MetadataToken>
              <Name>System.String DigitalRolodexClassLibrary.Contact::FormatPhoneNumber(System.String)</Name>
              <FileRef uid="1" />
              <SequencePoints>
                <SequencePoint vc="3" uspid="8" ordinal="0" offset="0" sl="24" sc="62" el="24" ec="63" bec="0" bev="0" fileid="1" />
                <SequencePoint vc="3" uspid="9" ordinal="1" offset="1" sl="26" sc="13" el="26" ec="67" bec="0" bev="0" fileid="1" />
                <SequencePoint vc="3" uspid="10" ordinal="2" offset="18" sl="28" sc="13" el="28" ec="36" bec="2" bev="2" fileid="1" />
                <SequencePoint vc="2" uspid="11" ordinal="3" offset="34" sl="28" sc="37" el="28" ec="38" bec="0" bev="0" fileid="1" />
                <SequencePoint vc="2" uspid="12" ordinal="4" offset="35" sl="30" sc="17" el="30" ec="93" bec="0" bev="0" fileid="1" />
                <SequencePoint vc="1" uspid="13" ordinal="5" offset="46" sl="33" sc="13" el="33" ec="54" bec="0" bev="0" fileid="1" />
                <SequencePoint vc="1" uspid="14" ordinal="6" offset="55" sl="34" sc="13" el="34" ec="85" bec="0" bev="0" fileid="1" />
                <SequencePoint vc="1" uspid="15" ordinal="7" offset="81" sl="36" sc="13" el="36" ec="55" bec="0" bev="0" fileid="1" />
                <SequencePoint vc="1" uspid="16" ordinal="8" offset="101" sl="37" sc="9" el="37" ec="10" bec="0" bev="0" fileid="1" />
              </SequencePoints>
              <BranchPoints>
                <BranchPoint vc="2" uspid="17" ordinal="0" offset="32" sl="28" path="0" offsetend="34" fileid="1" />
                <BranchPoint vc="1" uspid="18" ordinal="1" offset="32" sl="28" path="1" offsetend="46" fileid="1" />
              </BranchPoints>
              <MethodPoint xsi:type="SequencePoint" vc="3" uspid="8" ordinal="0" offset="0" sl="24" sc="62" el="24" ec="63" bec="0" bev="0" fileid="1" />
            </Method>
          </Methods>
        </Class>
        <Class>
          <Summary numSequencePoints="28" visitedSequencePoints="28" numBranchPoints="8" visitedBranchPoints="8" sequenceCoverage="100" branchCoverage="100" maxCyclomaticComplexity="3" minCyclomaticComplexity="1" maxCrapScore="3" minCrapScore="1" visitedClasses="1" numClasses="1" visitedMethods="6" numMethods="6" />
          <FullName>DigitalRolodexClassLibrary.PhoneNumberValidator</FullName>
          <Methods>
            <Method skippedDueTo="AutoImplementedProperty" visited="false" cyclomaticComplexity="1" nPathComplexity="0" sequenceCoverage="0" branchCoverage="0" crapScore="0" isConstructor="false" isStatic="false" isGetter="true" isSetter="false">
              <MetadataToken>100663317</MetadataToken>
              <Name>System.Collections.Generic.HashSet`1&lt;System.String&gt; DigitalRolodexClassLibrary.PhoneNumberValidator::get_AreaCodes()</Name>
              <SequencePoints />
              <BranchPoints />
            </Method>
            <Method skippedDueTo="AutoImplementedProperty" visited="false" cyclomaticComplexity="1" nPathComplexity="0" sequenceCoverage="0" branchCoverage="0" crapScore="0" isConstructor="false" isStatic="false" isGetter="false" isSetter="true">
              <MetadataToken>100663318</MetadataToken>
              <Name>System.Void DigitalRolodexClassLibrary.PhoneNumberValidator::set_AreaCodes(System.Collections.Generic.HashSet`1&lt;System.String&gt;)</Name>
              <SequencePoints />
              <BranchPoints />
            </Method>
            <Method visited="true" cyclomaticComplexity="1" nPathComplexity="0" sequenceCoverage="100" branchCoverage="100" crapScore="1" isConstructor="true" isStatic="false" isGetter="false" isSetter="false">
              <Summary numSequencePoints="4" visitedSequencePoints="4" numBranchPoints="1" visitedBranchPoints="1" sequenceCoverage="100" branchCoverage="100" maxCyclomaticComplexity="1" minCyclomaticComplexity="1" maxCrapScore="1" minCrapScore="1" visitedClasses="0" numClasses="0" visitedMethods="1" numMethods="1" />
              <MetadataToken>100663319</MetadataToken>
              <Name>System.Void DigitalRolodexClassLibrary.PhoneNumberValidator::.ctor(System.String)</Name>
              <FileRef uid="2" />
              <SequencePoints>
                <SequencePoint vc="12" uspid="19" ordinal="0" offset="0" sl="14" sc="9" el="14" ec="53" bec="0" bev="0" fileid="2" />
                <SequencePoint vc="12" uspid="20" ordinal="1" offset="7" sl="14" sc="54" el="14" ec="55" bec="0" bev="0" fileid="2" />
                <SequencePoint vc="12" uspid="21" ordinal="2" offset="8" sl="16" sc="13" el="16" ec="48" bec="0" bev="0" fileid="2" />
                <SequencePoint vc="10" uspid="22" ordinal="3" offset="22" sl="17" sc="9" el="17" ec="10" bec="0" bev="0" fileid="2" />
              </SequencePoints>
              <BranchPoints />
              <MethodPoint xsi:type="SequencePoint" vc="12" uspid="19" ordinal="0" offset="0" sl="14" sc="9" el="14" ec="53" bec="0" bev="0" fileid="2" />
            </Method>
            <Method visited="true" cyclomaticComplexity="1" nPathComplexity="0" sequenceCoverage="100" branchCoverage="100" crapScore="1" isConstructor="false" isStatic="false" isGetter="false" isSetter="false">
              <Summary numSequencePoints="8" visitedSequencePoints="8" numBranchPoints="1" visitedBranchPoints="1" sequenceCoverage="100" branchCoverage="100" maxCyclomaticComplexity="1" minCyclomaticComplexity="1" maxCrapScore="1" minCrapScore="1" visitedClasses="0" numClasses="0" visitedMethods="1" numMethods="1" />
              <MetadataToken>100663320</MetadataToken>
              <Name>System.Collections.Generic.HashSet`1&lt;System.String&gt; DigitalRolodexClassLibrary.PhoneNumberValidator::GetAreaCodes(System.String)</Name>
              <FileRef uid="2" />
              <SequencePoints>
                <SequencePoint vc="12" uspid="23" ordinal="0" offset="0" sl="20" sc="63" el="20" ec="64" bec="0" bev="0" fileid="2" />
                <SequencePoint vc="12" uspid="24" ordinal="1" offset="1" sl="22" sc="17" el="22" ec="18" bec="0" bev="0" fileid="2" />
                <SequencePoint vc="12" uspid="25" ordinal="2" offset="2" sl="24" sc="17" el="24" ec="73" bec="0" bev="0" fileid="2" />
                <SequencePoint vc="2" uspid="26" ordinal="3" offset="16" sl="26" sc="13" el="26" ec="39" bec="0" bev="0" fileid="2" />
                <SequencePoint vc="2" uspid="27" ordinal="4" offset="17" sl="26" sc="40" el="26" ec="41" bec="0" bev="0" fileid="2" />
                <SequencePoint vc="2" uspid="28" ordinal="5" offset="18" sl="28" sc="17" el="28" ec="54" bec="0" bev="0" fileid="2" />
                <SequencePoint vc="2" uspid="29" ordinal="6" offset="30" sl="30" sc="17" el="30" ec="33" bec="0" bev="0" fileid="2" />
                <SequencePoint vc="10" uspid="30" ordinal="7" offset="33" sl="32" sc="9" el="32" ec="10" bec="0" bev="0" fileid="2" />
              </SequencePoints>
              <BranchPoints />
              <MethodPoint xsi:type="SequencePoint" vc="12" uspid="23" ordinal="0" offset="0" sl="20" sc="63" el="20" ec="64" bec="0" bev="0" fileid="2" />
            </Method>
            <Method visited="true" cyclomaticComplexity="1" nPathComplexity="0" sequenceCoverage="100" branchCoverage="100" crapScore="1" isConstructor="false" isStatic="false" isGetter="false" isSetter="false">
              <Summary numSequencePoints="3" visitedSequencePoints="3" numBranchPoints="1" visitedBranchPoints="1" sequenceCoverage="100" branchCoverage="100" maxCyclomaticComplexity="1" minCyclomaticComplexity="1" maxCrapScore="1" minCrapScore="1" visitedClasses="0" numClasses="0" visitedMethods="1" numMethods="1" />
              <MetadataToken>100663321</MetadataToken>
              <Name>System.Boolean DigitalRolodexClassLibrary.PhoneNumberValidator::IsValidAreaCode(System.String)</Name>
              <FileRef uid="2" />
              <SequencePoints>
                <SequencePoint vc="11" uspid="31" ordinal="0" offset="0" sl="34" sc="54" el="34" ec="55" bec="0" bev="0" fileid="2" />
                <SequencePoint vc="11" uspid="32" ordinal="1" offset="1" sl="36" sc="13" el="36" ec="49" bec="0" bev="0" fileid="2" />
                <SequencePoint vc="11" uspid="33" ordinal="2" offset="16" sl="37" sc="9" el="37" ec="10" bec="0" bev="0" fileid="2" />
              </SequencePoints>
              <BranchPoints />
              <MethodPoint xsi:type="SequencePoint" vc="11" uspid="31" ordinal="0" offset="0" sl="34" sc="54" el="34" ec="55" bec="0" bev="0" fileid="2" />
            </Method>
            <Method visited="true" cyclomaticComplexity="1" nPathComplexity="0" sequenceCoverage="100" branchCoverage="100" crapScore="1" isConstructor="false" isStatic="false" isGetter="false" isSetter="false">
              <Summary numSequencePoints="3" visitedSequencePoints="3" numBranchPoints="1" visitedBranchPoints="1" sequenceCoverage="100" branchCoverage="100" maxCyclomaticComplexity="1" minCyclomaticComplexity="1" maxCrapScore="1" minCrapScore="1" visitedClasses="0" numClasses="0" visitedMethods="1" numMethods="1" />
              <MetadataToken>100663322</MetadataToken>
              <Name>System.String DigitalRolodexClassLibrary.PhoneNumberValidator::GetDigits(System.String)</Name>
              <FileRef uid="2" />
              <SequencePoints>
                <SequencePoint vc="14" uspid="34" ordinal="0" offset="0" sl="41" sc="54" el="41" ec="55" bec="0" bev="0" fileid="2" />
                <SequencePoint vc="14" uspid="35" ordinal="1" offset="1" sl="43" sc="13" el="43" ec="65" bec="0" bev="0" fileid="2" />
                <SequencePoint vc="14" uspid="36" ordinal="2" offset="25" sl="44" sc="9" el="44" ec="10" bec="0" bev="0" fileid="2" />
              </SequencePoints>
              <BranchPoints />
              <MethodPoint xsi:type="SequencePoint" vc="14" uspid="34" ordinal="0" offset="0" sl="41" sc="54" el="41" ec="55" bec="0" bev="0" fileid="2" />
            </Method>
            <Method visited="true" cyclomaticComplexity="1" nPathComplexity="0" sequenceCoverage="100" branchCoverage="100" crapScore="1" isConstructor="false" isStatic="false" isGetter="false" isSetter="false">
              <Summary numSequencePoints="3" visitedSequencePoints="3" numBranchPoints="1" visitedBranchPoints="1" sequenceCoverage="100" branchCoverage="100" maxCyclomaticComplexity="1" minCyclomaticComplexity="1" maxCrapScore="1" minCrapScore="1" visitedClasses="0" numClasses="0" visitedMethods="1" numMethods="1" />
              <MetadataToken>100663323</MetadataToken>
              <Name>System.Boolean DigitalRolodexClassLibrary.PhoneNumberValidator::HasLetters(System.String)</Name>
              <FileRef uid="2" />
              <SequencePoints>
                <SequencePoint vc="6" uspid="37" ordinal="0" offset="0" sl="46" sc="53" el="46" ec="54" bec="0" bev="0" fileid="2" />
                <SequencePoint vc="6" uspid="38" ordinal="1" offset="1" sl="48" sc="13" el="48" ec="56" bec="0" bev="0" fileid="2" />
                <SequencePoint vc="6" uspid="39" ordinal="2" offset="15" sl="49" sc="9" el="49" ec="10" bec="0" bev="0" fileid="2" />
              </SequencePoints>
              <BranchPoints />
              <MethodPoint xsi:type="SequencePoint" vc="6" uspid="37" ordinal="0" offset="0" sl="46" sc="53" el="46" ec="54" bec="0" bev="0" fileid="2" />
            </Method>
            <Method visited="true" cyclomaticComplexity="3" nPathComplexity="2" sequenceCoverage="100" branchCoverage="100" crapScore="3" isConstructor="false" isStatic="false" isGetter="false" isSetter="false">
              <Summary numSequencePoints="7" visitedSequencePoints="7" numBranchPoints="3" visitedBranchPoints="3" sequenceCoverage="100" branchCoverage="100" maxCyclomaticComplexity="3" minCyclomaticComplexity="3" maxCrapScore="3" minCrapScore="3" visitedClasses="0" numClasses="0" visitedMethods="1" numMethods="1" />
              <MetadataToken>100663324</MetadataToken>
              <Name>System.Boolean DigitalRolodexClassLibrary.PhoneNumberValidator::IsValidPhoneNumber(System.String)</Name>
              <FileRef uid="2" />
              <SequencePoints>
                <SequencePoint vc="14" uspid="40" ordinal="0" offset="0" sl="51" sc="60" el="51" ec="61" bec="0" bev="0" fileid="2" />
                <SequencePoint vc="14" uspid="41" ordinal="1" offset="1" sl="53" sc="13" el="53" ec="52" bec="0" bev="0" fileid="2" />
                <SequencePoint vc="14" uspid="42" ordinal="2" offset="9" sl="55" sc="13" el="55" ec="63" bec="2" bev="2" fileid="2" />
                <SequencePoint vc="8" uspid="43" ordinal="3" offset="37" sl="55" sc="64" el="55" ec="65" bec="0" bev="0" fileid="2" />
                <SequencePoint vc="8" uspid="44" ordinal="4" offset="38" sl="57" sc="17" el="57" ec="30" bec="0" bev="0" fileid="2" />
                <SequencePoint vc="6" uspid="45" ordinal="5" offset="42" sl="60" sc="13" el="60" ec="60" bec="0" bev="0" fileid="2" />
                <SequencePoint vc="14" uspid="46" ordinal="6" offset="59" sl="61" sc="9" el="61" ec="10" bec="0" bev="0" fileid="2" />
              </SequencePoints>
              <BranchPoints>
                <BranchPoint vc="8" uspid="49" ordinal="2" offset="35" sl="55" path="0" offsetend="37" fileid="2" />
                <BranchPoint vc="6" uspid="50" ordinal="3" offset="35" sl="55" path="1" offsetend="42" fileid="2" />
              </BranchPoints>
              <MethodPoint xsi:type="SequencePoint" vc="14" uspid="40" ordinal="0" offset="0" sl="51" sc="60" el="51" ec="61" bec="0" bev="0" fileid="2" />
            </Method>
          </Methods>
        </Class>
        <Class>
          <Summary numSequencePoints="37" visitedSequencePoints="37" numBranchPoints="11" visitedBranchPoints="11" sequenceCoverage="100" branchCoverage="100" maxCyclomaticComplexity="2" minCyclomaticComplexity="1" maxCrapScore="2" minCrapScore="1" visitedClasses="1" numClasses="1" visitedMethods="11" numMethods="11" />
          <FullName>DigitalRolodexClassLibrary.RolodexValidator</FullName>
          <Methods>
            <Method skippedDueTo="AutoImplementedProperty" visited="false" cyclomaticComplexity="1" nPathComplexity="0" sequenceCoverage="0" branchCoverage="0" crapScore="0" isConstructor="false" isStatic="false" isGetter="true" isSetter="false">
              <MetadataToken>100663325</MetadataToken>
              <Name>DigitalRolodexClassLibrary.IPhoneNumberValidator DigitalRolodexClassLibrary.RolodexValidator::get_PhoneNumberValidator()</Name>
              <SequencePoints />
              <BranchPoints />
            </Method>
            <Method skippedDueTo="AutoImplementedProperty" visited="false" cyclomaticComplexity="1" nPathComplexity="0" sequenceCoverage="0" branchCoverage="0" crapScore="0" isConstructor="false" isStatic="false" isGetter="false" isSetter="true">
              <MetadataToken>100663326</MetadataToken>
              <Name>System.Void DigitalRolodexClassLibrary.RolodexValidator::set_PhoneNumberValidator(DigitalRolodexClassLibrary.IPhoneNumberValidator)</Name>
              <SequencePoints />
              <BranchPoints />
            </Method>
            <Method visited="true" cyclomaticComplexity="1" nPathComplexity="0" sequenceCoverage="100" branchCoverage="100" crapScore="1" isConstructor="true" isStatic="false" isGetter="false" isSetter="false">
              <Summary numSequencePoints="4" visitedSequencePoints="4" numBranchPoints="1" visitedBranchPoints="1" sequenceCoverage="100" branchCoverage="100" maxCyclomaticComplexity="1" minCyclomaticComplexity="1" maxCrapScore="1" minCrapScore="1" visitedClasses="0" numClasses="0" visitedMethods="1" numMethods="1" />
              <MetadataToken>100663327</MetadataToken>
              <Name>System.Void DigitalRolodexClassLibrary.RolodexValidator::.ctor(DigitalRolodexClassLibrary.IPhoneNumberValidator)</Name>
              <FileRef uid="3" />
              <SequencePoints>
                <SequencePoint vc="18" uspid="51" ordinal="0" offset="0" sl="13" sc="9" el="13" ec="76" bec="0" bev="0" fileid="3" />
                <SequencePoint vc="18" uspid="52" ordinal="1" offset="7" sl="13" sc="77" el="13" ec="78" bec="0" bev="0" fileid="3" />
                <SequencePoint vc="18" uspid="53" ordinal="2" offset="8" sl="15" sc="13" el="15" ec="57" bec="0" bev="0" fileid="3" />
                <SequencePoint vc="18" uspid="54" ordinal="3" offset="16" sl="16" sc="9" el="16" ec="10" bec="0" bev="0" fileid="3" />
              </SequencePoints>
              <BranchPoints />
              <MethodPoint xsi:type="SequencePoint" vc="18" uspid="51" ordinal="0" offset="0" sl="13" sc="9" el="13" ec="76" bec="0" bev="0" fileid="3" />
            </Method>
            <Method visited="true" cyclomaticComplexity="2" nPathComplexity="0" sequenceCoverage="100" branchCoverage="100" crapScore="2" isConstructor="false" isStatic="false" isGetter="false" isSetter="false">
              <Summary numSequencePoints="3" visitedSequencePoints="3" numBranchPoints="1" visitedBranchPoints="1" sequenceCoverage="100" branchCoverage="100" maxCyclomaticComplexity="2" minCyclomaticComplexity="2" maxCrapScore="2" minCrapScore="2" visitedClasses="0" numClasses="0" visitedMethods="1" numMethods="1" />
              <MetadataToken>100663328</MetadataToken>
              <Name>System.Boolean DigitalRolodexClassLibrary.RolodexValidator::IsValidNameLength(System.String)</Name>
              <FileRef uid="3" />
              <SequencePoints>
                <SequencePoint vc="13" uspid="55" ordinal="0" offset="0" sl="19" sc="53" el="19" ec="54" bec="0" bev="0" fileid="3" />
                <SequencePoint vc="13" uspid="56" ordinal="1" offset="1" sl="21" sc="13" el="21" ec="58" bec="0" bev="0" fileid="3" />
                <SequencePoint vc="13" uspid="57" ordinal="2" offset="30" sl="22" sc="9" el="22" ec="10" bec="0" bev="0" fileid="3" />
              </SequencePoints>
              <BranchPoints />
              <MethodPoint xsi:type="SequencePoint" vc="13" uspid="55" ordinal="0" offset="0" sl="19" sc="53" el="19" ec="54" bec="0" bev="0" fileid="3" />
            </Method>
            <Method visited="true" cyclomaticComplexity="1" nPathComplexity="0" sequenceCoverage="100" branchCoverage="100" crapScore="1" isConstructor="false" isStatic="false" isGetter="false" isSetter="false">
              <Summary numSequencePoints="3" visitedSequencePoints="3" numBranchPoints="1" visitedBranchPoints="1" sequenceCoverage="100" branchCoverage="100" maxCyclomaticComplexity="1" minCyclomaticComplexity="1" maxCrapScore="1" minCrapScore="1" visitedClasses="0" numClasses="0" visitedMethods="1" numMethods="1" />
              <MetadataToken>100663329</MetadataToken>
              <Name>System.Boolean DigitalRolodexClassLibrary.RolodexValidator::IsLegalNameFormat(System.String)</Name>
              <FileRef uid="3" />
              <SequencePoints>
                <SequencePoint vc="9" uspid="60" ordinal="0" offset="0" sl="24" sc="53" el="24" ec="54" bec="0" bev="0" fileid="3" />
                <SequencePoint vc="9" uspid="61" ordinal="1" offset="1" sl="26" sc="13" el="26" ec="70" bec="0" bev="0" fileid="3" />
                <SequencePoint vc="9" uspid="62" ordinal="2" offset="15" sl="27" sc="9" el="27" ec="10" bec="0" bev="0" fileid="3" />
              </SequencePoints>
              <BranchPoints />
              <MethodPoint xsi:type="SequencePoint" vc="9" uspid="60" ordinal="0" offset="0" sl="24" sc="53" el="24" ec="54" bec="0" bev="0" fileid="3" />
            </Method>
            <Method visited="true" cyclomaticComplexity="2" nPathComplexity="0" sequenceCoverage="100" branchCoverage="100" crapScore="2" isConstructor="false" isStatic="false" isGetter="false" isSetter="false">
              <Summary numSequencePoints="4" visitedSequencePoints="4" numBranchPoints="1" visitedBranchPoints="1" sequenceCoverage="100" branchCoverage="100" maxCyclomaticComplexity="2" minCyclomaticComplexity="2" maxCrapScore="2" minCrapScore="2" visitedClasses="0" numClasses="0" visitedMethods="1" numMethods="1" />
              <MetadataToken>100663330</MetadataToken>
              <Name>System.Boolean DigitalRolodexClassLibrary.RolodexValidator::IsValidName(System.String)</Name>
              <FileRef uid="3" />
              <SequencePoints>
                <SequencePoint vc="13" uspid="63" ordinal="0" offset="0" sl="29" sc="46" el="29" ec="47" bec="0" bev="0" fileid="3" />
                <SequencePoint vc="13" uspid="64" ordinal="1" offset="1" sl="31" sc="13" el="31" ec="42" bec="0" bev="0" fileid="3" />
                <SequencePoint vc="13" uspid="65" ordinal="2" offset="14" sl="33" sc="13" el="33" ec="71" bec="0" bev="0" fileid="3" />
                <SequencePoint vc="13" uspid="66" ordinal="3" offset="37" sl="34" sc="9" el="34" ec="10" bec="0" bev="0" fileid="3" />
              </SequencePoints>
              <BranchPoints />
              <MethodPoint xsi:type="SequencePoint" vc="13" uspid="63" ordinal="0" offset="0" sl="29" sc="46" el="29" ec="47" bec="0" bev="0" fileid="3" />
            </Method>
            <Method visited="true" cyclomaticComplexity="1" nPathComplexity="0" sequenceCoverage="100" branchCoverage="100" crapScore="1" isConstructor="false" isStatic="false" isGetter="false" isSetter="false">
              <Summary numSequencePoints="3" visitedSequencePoints="3" numBranchPoints="1" visitedBranchPoints="1" sequenceCoverage="100" branchCoverage="100" maxCyclomaticComplexity="1" minCyclomaticComplexity="1" maxCrapScore="1" minCrapScore="1" visitedClasses="0" numClasses="0" visitedMethods="1" numMethods="1" />
              <MetadataToken>100663331</MetadataToken>
              <Name>System.Boolean DigitalRolodexClassLibrary.RolodexValidator::IsValidPhoneNumber(System.String)</Name>
              <FileRef uid="3" />
              <SequencePoints>
                <SequencePoint vc="4" uspid="69" ordinal="0" offset="0" sl="38" sc="60" el="38" ec="61" bec="0" bev="0" fileid="3" />
                <SequencePoint vc="4" uspid="70" ordinal="1" offset="1" sl="40" sc="13" el="40" ec="73" bec="0" bev="0" fileid="3" />
                <SequencePoint vc="4" uspid="71" ordinal="2" offset="16" sl="41" sc="9" el="41" ec="10" bec="0" bev="0" fileid="3" />
              </SequencePoints>
              <BranchPoints />
              <MethodPoint xsi:type="SequencePoint" vc="4" uspid="69" ordinal="0" offset="0" sl="38" sc="60" el="38" ec="61" bec="0" bev="0" fileid="3" />
            </Method>
            <Method visited="true" cyclomaticComplexity="1" nPathComplexity="0" sequenceCoverage="100" branchCoverage="100" crapScore="1" isConstructor="false" isStatic="false" isGetter="false" isSetter="false">
              <Summary numSequencePoints="3" visitedSequencePoints="3" numBranchPoints="1" visitedBranchPoints="1" sequenceCoverage="100" branchCoverage="100" maxCyclomaticComplexity="1" minCyclomaticComplexity="1" maxCrapScore="1" minCrapScore="1" visitedClasses="0" numClasses="0" visitedMethods="1" numMethods="1" />
              <MetadataToken>100663332</MetadataToken>
              <Name>System.Boolean DigitalRolodexClassLibrary.RolodexValidator::IsValidEmailFormat(System.String)</Name>
              <FileRef uid="3" />
              <SequencePoints>
                <SequencePoint vc="8" uspid="72" ordinal="0" offset="0" sl="45" sc="55" el="45" ec="56" bec="0" bev="0" fileid="3" />
                <SequencePoint vc="8" uspid="73" ordinal="1" offset="1" sl="47" sc="13" el="47" ec="66" bec="0" bev="0" fileid="3" />
                <SequencePoint vc="8" uspid="74" ordinal="2" offset="15" sl="48" sc="9" el="48" ec="10" bec="0" bev="0" fileid="3" />
              </SequencePoints>
              <BranchPoints />
              <MethodPoint xsi:type="SequencePoint" vc="8" uspid="72" ordinal="0" offset="0" sl="45" sc="55" el="45" ec="56" bec="0" bev="0" fileid="3" />
            </Method>
            <Method visited="true" cyclomaticComplexity="2" nPathComplexity="0" sequenceCoverage="100" branchCoverage="100" crapScore="2" isConstructor="false" isStatic="false" isGetter="false" isSetter="false">
              <Summary numSequencePoints="3" visitedSequencePoints="3" numBranchPoints="1" visitedBranchPoints="1" sequenceCoverage="100" branchCoverage="100" maxCyclomaticComplexity="2" minCyclomaticComplexity="2" maxCrapScore="2" minCrapScore="2" visitedClasses="0" numClasses="0" visitedMethods="1" numMethods="1" />
              <MetadataToken>100663333</MetadataToken>
              <Name>System.Boolean DigitalRolodexClassLibrary.RolodexValidator::IsValidEmailLength(System.String)</Name>
              <FileRef uid="3" />
              <SequencePoints>
                <SequencePoint vc="4" uspid="75" ordinal="0" offset="0" sl="50" sc="55" el="50" ec="56" bec="0" bev="0" fileid="3" />
                <SequencePoint vc="4" uspid="76" ordinal="1" offset="1" sl="52" sc="13" el="52" ec="60" bec="0" bev="0" fileid="3" />
                <SequencePoint vc="4" uspid="77" ordinal="2" offset="30" sl="53" sc="9" el="53" ec="10" bec="0" bev="0" fileid="3" />
              </SequencePoints>
              <BranchPoints />
              <MethodPoint xsi:type="SequencePoint" vc="4" uspid="75" ordinal="0" offset="0" sl="50" sc="55" el="50" ec="56" bec="0" bev="0" fileid="3" />
            </Method>
            <Method visited="true" cyclomaticComplexity="2" nPathComplexity="0" sequenceCoverage="100" branchCoverage="100" crapScore="2" isConstructor="false" isStatic="false" isGetter="false" isSetter="false">
              <Summary numSequencePoints="4" visitedSequencePoints="4" numBranchPoints="1" visitedBranchPoints="1" sequenceCoverage="100" branchCoverage="100" maxCyclomaticComplexity="2" minCyclomaticComplexity="2" maxCrapScore="2" minCrapScore="2" visitedClasses="0" numClasses="0" visitedMethods="1" numMethods="1" />
              <MetadataToken>100663334</MetadataToken>
              <Name>System.Boolean DigitalRolodexClassLibrary.RolodexValidator::IsValidEmail(System.String)</Name>
              <FileRef uid="3" />
              <SequencePoints>
                <SequencePoint vc="8" uspid="80" ordinal="0" offset="0" sl="55" sc="48" el="55" ec="49" bec="0" bev="0" fileid="3" />
                <SequencePoint vc="8" uspid="81" ordinal="1" offset="1" sl="57" sc="13" el="57" ec="34" bec="0" bev="0" fileid="3" />
                <SequencePoint vc="8" uspid="82" ordinal="2" offset="9" sl="59" sc="13" el="59" ec="75" bec="0" bev="0" fileid="3" />
                <SequencePoint vc="8" uspid="83" ordinal="3" offset="32" sl="60" sc="9" el="60" ec="10" bec="0" bev="0" fileid="3" />
              </SequencePoints>
              <BranchPoints />
              <MethodPoint xsi:type="SequencePoint" vc="8" uspid="80" ordinal="0" offset="0" sl="55" sc="48" el="55" ec="49" bec="0" bev="0" fileid="3" />
            </Method>
            <Method visited="true" cyclomaticComplexity="2" nPathComplexity="0" sequenceCoverage="100" branchCoverage="100" crapScore="2" isConstructor="false" isStatic="false" isGetter="false" isSetter="false">
              <Summary numSequencePoints="3" visitedSequencePoints="3" numBranchPoints="1" visitedBranchPoints="1" sequenceCoverage="100" branchCoverage="100" maxCyclomaticComplexity="2" minCyclomaticComplexity="2" maxCrapScore="2" minCrapScore="2" visitedClasses="0" numClasses="0" visitedMethods="1" numMethods="1" />
              <MetadataToken>100663335</MetadataToken>
              <Name>System.Boolean DigitalRolodexClassLibrary.RolodexValidator::IsValidAddressLength(System.String)</Name>
              <FileRef uid="3" />
              <SequencePoints>
                <SequencePoint vc="6" uspid="86" ordinal="0" offset="0" sl="64" sc="59" el="64" ec="60" bec="0" bev="0" fileid="3" />
                <SequencePoint vc="6" uspid="87" ordinal="1" offset="1" sl="66" sc="13" el="66" ec="64" bec="0" bev="0" fileid="3" />
                <SequencePoint vc="6" uspid="88" ordinal="2" offset="30" sl="67" sc="9" el="67" ec="10" bec="0" bev="0" fileid="3" />
              </SequencePoints>
              <BranchPoints />
              <MethodPoint xsi:type="SequencePoint" vc="6" uspid="86" ordinal="0" offset="0" sl="64" sc="59" el="64" ec="60" bec="0" bev="0" fileid="3" />
            </Method>
            <Method visited="true" cyclomaticComplexity="1" nPathComplexity="0" sequenceCoverage="100" branchCoverage="100" crapScore="1" isConstructor="false" isStatic="false" isGetter="false" isSetter="false">
              <Summary numSequencePoints="3" visitedSequencePoints="3" numBranchPoints="1" visitedBranchPoints="1" sequenceCoverage="100" branchCoverage="100" maxCyclomaticComplexity="1" minCyclomaticComplexity="1" maxCrapScore="1" minCrapScore="1" visitedClasses="0" numClasses="0" visitedMethods="1" numMethods="1" />
              <MetadataToken>100663336</MetadataToken>
              <Name>System.Boolean DigitalRolodexClassLibrary.RolodexValidator::IsLegalCharacters(System.String)</Name>
              <FileRef uid="3" />
              <SequencePoints>
                <SequencePoint vc="2" uspid="91" ordinal="0" offset="0" sl="69" sc="56" el="69" ec="57" bec="0" bev="0" fileid="3" />
                <SequencePoint vc="2" uspid="92" ordinal="1" offset="1" sl="71" sc="13" el="71" ec="68" bec="0" bev="0" fileid="3" />
                <SequencePoint vc="2" uspid="93" ordinal="2" offset="15" sl="72" sc="9" el="72" ec="10" bec="0" bev="0" fileid="3" />
              </SequencePoints>
              <BranchPoints />
              <MethodPoint xsi:type="SequencePoint" vc="2" uspid="91" ordinal="0" offset="0" sl="69" sc="56" el="69" ec="57" bec="0" bev="0" fileid="3" />
            </Method>
            <Method visited="true" cyclomaticComplexity="2" nPathComplexity="0" sequenceCoverage="100" branchCoverage="100" crapScore="2" isConstructor="false" isStatic="false" isGetter="false" isSetter="false">
              <Summary numSequencePoints="4" visitedSequencePoints="4" numBranchPoints="1" visitedBranchPoints="1" sequenceCoverage="100" branchCoverage="100" maxCyclomaticComplexity="2" minCyclomaticComplexity="2" maxCrapScore="2" minCrapScore="2" visitedClasses="0" numClasses="0" visitedMethods="1" numMethods="1" />
              <MetadataToken>100663337</MetadataToken>
              <Name>System.Boolean DigitalRolodexClassLibrary.RolodexValidator::IsValidAddress(System.String)</Name>
              <FileRef uid="3" />
              <SequencePoints>
                <SequencePoint vc="6" uspid="94" ordinal="0" offset="0" sl="74" sc="52" el="74" ec="53" bec="0" bev="0" fileid="3" />
                <SequencePoint vc="6" uspid="95" ordinal="1" offset="1" sl="76" sc="13" el="76" ec="38" bec="0" bev="0" fileid="3" />
                <SequencePoint vc="6" uspid="96" ordinal="2" offset="9" sl="78" sc="13" el="78" ec="80" bec="0" bev="0" fileid="3" />
                <SequencePoint vc="6" uspid="97" ordinal="3" offset="32" sl="79" sc="9" el="79" ec="10" bec="0" bev="0" fileid="3" />
              </SequencePoints>
              <BranchPoints />
              <MethodPoint xsi:type="SequencePoint" vc="6" uspid="94" ordinal="0" offset="0" sl="74" sc="52" el="74" ec="53" bec="0" bev="0" fileid="3" />
            </Method>
          </Methods>
        </Class>
      </Classes>
    </Module>
  </Modules>
</CoverageSession>