<?xml version="1.0" encoding="utf-8"?>
<CoverageSession xmlns:xsd="http://www.w3.org/2001/XMLSchema" xmlns:xsi="http://www.w3.org/2001/XMLSchema-instance" Version="4.6.0.0">
  <Summary numSequencePoints="180" visitedSequencePoints="95" numBranchPoints="41" visitedBranchPoints="29" sequenceCoverage="52.78" branchCoverage="70.73" maxCyclomaticComplexity="3" minCyclomaticComplexity="1" maxCrapScore="12" minCrapScore="1" visitedClasses="4" numClasses="5" visitedMethods="23" numMethods="31" />
  <Modules>
    <Module hash="15-7A-B9-7C-BA-8F-FD-CF-DA-6F-70-3F-92-01-50-91-1C-F8-D6-8D">
      <Summary numSequencePoints="180" visitedSequencePoints="95" numBranchPoints="41" visitedBranchPoints="29" sequenceCoverage="52.78" branchCoverage="70.73" maxCyclomaticComplexity="3" minCyclomaticComplexity="1" maxCrapScore="12" minCrapScore="1" visitedClasses="4" numClasses="5" visitedMethods="23" numMethods="31" />
      <ModulePath>D:\rolodex\DigitalRolodex\DigitalRolodexTests\bin\Debug\DigitalRolodexClassLibrary.dll</ModulePath>
      <ModuleTime>2018-01-07T07:45:26.7735108Z</ModuleTime>
      <ModuleName>DigitalRolodexClassLibrary</ModuleName>
      <Files>
        <File uid="1" fullPath="d:\rolodex\DigitalRolodex\DigitalRolodexClassLibrary\Contact.cs" />
        <File uid="2" fullPath="d:\rolodex\DigitalRolodex\DigitalRolodexClassLibrary\ContactDataAccess.cs" />
        <File uid="3" fullPath="d:\rolodex\DigitalRolodex\DigitalRolodexClassLibrary\PhoneNumberValidator.cs" />
        <File uid="6" fullPath="d:\rolodex\DigitalRolodex\DigitalRolodexClassLibrary\RolodexValidator.cs" />
        <File uid="7" fullPath="d:\rolodex\DigitalRolodex\DigitalRolodexClassLibrary\TextBoxValidator.cs" />
      </Files>
      <Classes>
        <Class>
          <Summary numSequencePoints="16" visitedSequencePoints="16" numBranchPoints="4" visitedBranchPoints="4" sequenceCoverage="100" branchCoverage="100" maxCyclomaticComplexity="2" minCyclomaticComplexity="1" maxCrapScore="2" minCrapScore="1" visitedClasses="1" numClasses="1" visitedMethods="2" numMethods="2" />
          <FullName>DigitalRolodexClassLibrary.Contact</FullName>
          <Methods>
            <Method skippedDueTo="AutoImplementedProperty" visited="false" cyclomaticComplexity="1" nPathComplexity="0" sequenceCoverage="0" branchCoverage="0" crapScore="0" isConstructor="false" isStatic="false" isGetter="true" isSetter="false">
              <MetadataToken>100663301</MetadataToken>
              <Name>System.String DigitalRolodexClassLibrary.Contact::get_Name()</Name>
              <SequencePoints />
              <BranchPoints />
            </Method>
            <Method skippedDueTo="AutoImplementedProperty" visited="false" cyclomaticComplexity="1" nPathComplexity="0" sequenceCoverage="0" branchCoverage="0" crapScore="0" isConstructor="false" isStatic="false" isGetter="false" isSetter="true">
              <MetadataToken>100663302</MetadataToken>
              <Name>System.Void DigitalRolodexClassLibrary.Contact::set_Name(System.String)</Name>
              <SequencePoints />
              <BranchPoints />
            </Method>
            <Method skippedDueTo="AutoImplementedProperty" visited="false" cyclomaticComplexity="1" nPathComplexity="0" sequenceCoverage="0" branchCoverage="0" crapScore="0" isConstructor="false" isStatic="false" isGetter="true" isSetter="false">
              <MetadataToken>100663303</MetadataToken>
              <Name>System.String DigitalRolodexClassLibrary.Contact::get_Phone()</Name>
              <SequencePoints />
              <BranchPoints />
            </Method>
            <Method skippedDueTo="AutoImplementedProperty" visited="false" cyclomaticComplexity="1" nPathComplexity="0" sequenceCoverage="0" branchCoverage="0" crapScore="0" isConstructor="false" isStatic="false" isGetter="false" isSetter="true">
              <MetadataToken>100663304</MetadataToken>
              <Name>System.Void DigitalRolodexClassLibrary.Contact::set_Phone(System.String)</Name>
              <SequencePoints />
              <BranchPoints />
            </Method>
            <Method skippedDueTo="AutoImplementedProperty" visited="false" cyclomaticComplexity="1" nPathComplexity="0" sequenceCoverage="0" branchCoverage="0" crapScore="0" isConstructor="false" isStatic="false" isGetter="true" isSetter="false">
              <MetadataToken>100663305</MetadataToken>
              <Name>System.String DigitalRolodexClassLibrary.Contact::get_Email()</Name>
              <SequencePoints />
              <BranchPoints />
            </Method>
            <Method skippedDueTo="AutoImplementedProperty" visited="false" cyclomaticComplexity="1" nPathComplexity="0" sequenceCoverage="0" branchCoverage="0" crapScore="0" isConstructor="false" isStatic="false" isGetter="false" isSetter="true">
              <MetadataToken>100663306</MetadataToken>
              <Name>System.Void DigitalRolodexClassLibrary.Contact::set_Email(System.String)</Name>
              <SequencePoints />
              <BranchPoints />
            </Method>
            <Method skippedDueTo="AutoImplementedProperty" visited="false" cyclomaticComplexity="1" nPathComplexity="0" sequenceCoverage="0" branchCoverage="0" crapScore="0" isConstructor="false" isStatic="false" isGetter="true" isSetter="false">
              <MetadataToken>100663307</MetadataToken>
              <Name>System.String DigitalRolodexClassLibrary.Contact::get_Address()</Name>
              <SequencePoints />
              <BranchPoints />
            </Method>
            <Method skippedDueTo="AutoImplementedProperty" visited="false" cyclomaticComplexity="1" nPathComplexity="0" sequenceCoverage="0" branchCoverage="0" crapScore="0" isConstructor="false" isStatic="false" isGetter="false" isSetter="true">
              <MetadataToken>100663308</MetadataToken>
              <Name>System.Void DigitalRolodexClassLibrary.Contact::set_Address(System.String)</Name>
              <SequencePoints />
              <BranchPoints />
            </Method>
            <Method visited="true" cyclomaticComplexity="1" nPathComplexity="0" sequenceCoverage="100" branchCoverage="100" crapScore="1" isConstructor="true" isStatic="false" isGetter="false" isSetter="false">
              <Summary numSequencePoints="7" visitedSequencePoints="7" numBranchPoints="1" visitedBranchPoints="1" sequenceCoverage="100" branchCoverage="100" maxCyclomaticComplexity="1" minCyclomaticComplexity="1" maxCrapScore="1" minCrapScore="1" visitedClasses="0" numClasses="0" visitedMethods="1" numMethods="1" />
              <MetadataToken>100663309</MetadataToken>
              <Name>System.Void DigitalRolodexClassLibrary.Contact::.ctor(System.String,System.String,System.String,System.String)</Name>
              <FileRef uid="1" />
              <SequencePoints>
                <SequencePoint vc="3" uspid="1" ordinal="0" offset="0" sl="16" sc="9" el="16" ec="86" bec="0" bev="0" fileid="1" />
                <SequencePoint vc="3" uspid="2" ordinal="1" offset="7" sl="16" sc="87" el="16" ec="88" bec="0" bev="0" fileid="1" />
                <SequencePoint vc="3" uspid="3" ordinal="2" offset="8" sl="18" sc="13" el="18" ec="25" bec="0" bev="0" fileid="1" />
                <SequencePoint vc="3" uspid="4" ordinal="3" offset="16" sl="19" sc="13" el="19" ec="52" bec="0" bev="0" fileid="1" />
                <SequencePoint vc="1" uspid="5" ordinal="4" offset="30" sl="20" sc="13" el="20" ec="27" bec="0" bev="0" fileid="1" />
                <SequencePoint vc="1" uspid="6" ordinal="5" offset="38" sl="21" sc="13" el="21" ec="31" bec="0" bev="0" fileid="1" />
                <SequencePoint vc="1" uspid="7" ordinal="6" offset="47" sl="22" sc="9" el="22" ec="10" bec="0" bev="0" fileid="1" />
              </SequencePoints>
              <BranchPoints />
              <MethodPoint xsi:type="SequencePoint" vc="3" uspid="1" ordinal="0" offset="0" sl="16" sc="9" el="16" ec="86" bec="0" bev="0" fileid="1" />
            </Method>
            <Method visited="true" cyclomaticComplexity="2" nPathComplexity="2" sequenceCoverage="100" branchCoverage="100" crapScore="2" isConstructor="false" isStatic="false" isGetter="false" isSetter="false">
              <Summary numSequencePoints="9" visitedSequencePoints="9" numBranchPoints="3" visitedBranchPoints="3" sequenceCoverage="100" branchCoverage="100" maxCyclomaticComplexity="2" minCyclomaticComplexity="2" maxCrapScore="2" minCrapScore="2" visitedClasses="0" numClasses="0" visitedMethods="1" numMethods="1" />
              <MetadataToken>100663310</MetadataToken>
              <Name>System.String DigitalRolodexClassLibrary.Contact::FormatPhoneNumber(System.String)</Name>
              <FileRef uid="1" />
              <SequencePoints>
                <SequencePoint vc="3" uspid="8" ordinal="0" offset="0" sl="24" sc="62" el="24" ec="63" bec="0" bev="0" fileid="1" />
                <SequencePoint vc="3" uspid="9" ordinal="1" offset="1" sl="26" sc="13" el="26" ec="67" bec="0" bev="0" fileid="1" />
                <SequencePoint vc="3" uspid="10" ordinal="2" offset="18" sl="28" sc="13" el="28" ec="36" bec="2" bev="2" fileid="1" />
                <SequencePoint vc="2" uspid="11" ordinal="3" offset="34" sl="28" sc="37" el="28" ec="38" bec="0" bev="0" fileid="1" />
                <SequencePoint vc="2" uspid="12" ordinal="4" offset="35" sl="30" sc="17" el="30" ec="93" bec="0" bev="0" fileid="1" />
                <SequencePoint vc="1" uspid="13" ordinal="5" offset="46" sl="33" sc="13" el="33" ec="54" bec="0" bev="0" fileid="1" />
                <SequencePoint vc="1" uspid="14" ordinal="6" offset="55" sl="34" sc="13" el="34" ec="85" bec="0" bev="0" fileid="1" />
                <SequencePoint vc="1" uspid="15" ordinal="7" offset="81" sl="36" sc="13" el="36" ec="55" bec="0" bev="0" fileid="1" />
                <SequencePoint vc="1" uspid="16" ordinal="8" offset="101" sl="37" sc="9" el="37" ec="10" bec="0" bev="0" fileid="1" />
              </SequencePoints>
              <BranchPoints>
                <BranchPoint vc="2" uspid="17" ordinal="0" offset="32" sl="28" path="0" offsetend="34" fileid="1" />
                <BranchPoint vc="1" uspid="18" ordinal="1" offset="32" sl="28" path="1" offsetend="46" fileid="1" />
              </BranchPoints>
              <MethodPoint xsi:type="SequencePoint" vc="3" uspid="8" ordinal="0" offset="0" sl="24" sc="62" el="24" ec="63" bec="0" bev="0" fileid="1" />
            </Method>
          </Methods>
        </Class>
        <Class>
          <Summary numSequencePoints="85" visitedSequencePoints="0" numBranchPoints="12" visitedBranchPoints="0" sequenceCoverage="0" branchCoverage="0" maxCyclomaticComplexity="3" minCyclomaticComplexity="1" maxCrapScore="12" minCrapScore="2" visitedClasses="0" numClasses="1" visitedMethods="0" numMethods="8" />
          <FullName>DigitalRolodexClassLibrary.ContactDataAccess</FullName>
          <Methods>
            <Method visited="false" cyclomaticComplexity="2" nPathComplexity="2" sequenceCoverage="0" branchCoverage="0" crapScore="6" isConstructor="false" isStatic="false" isGetter="false" isSetter="false">
              <Summary numSequencePoints="7" visitedSequencePoints="0" numBranchPoints="3" visitedBranchPoints="0" sequenceCoverage="0" branchCoverage="0" maxCyclomaticComplexity="2" minCyclomaticComplexity="2" maxCrapScore="6" minCrapScore="6" visitedClasses="0" numClasses="0" visitedMethods="0" numMethods="1" />
              <MetadataToken>100663316</MetadataToken>
              <Name>System.String DigitalRolodexClassLibrary.ContactDataAccess::GetConnectionString()</Name>
              <FileRef uid="2" />
              <SequencePoints>
                <SequencePoint vc="0" uspid="19" ordinal="0" offset="0" sl="18" sc="46" el="18" ec="47" bec="0" bev="0" fileid="2" />
                <SequencePoint vc="0" uspid="20" ordinal="1" offset="1" sl="20" sc="13" el="20" ec="73" bec="0" bev="0" fileid="2" />
                <SequencePoint vc="0" uspid="21" ordinal="2" offset="18" sl="22" sc="13" el="22" ec="32" bec="2" bev="0" fileid="2" />
                <SequencePoint vc="0" uspid="22" ordinal="3" offset="29" sl="22" sc="33" el="22" ec="34" bec="0" bev="0" fileid="2" />
                <SequencePoint vc="0" uspid="23" ordinal="4" offset="30" sl="24" sc="17" el="24" ec="29" bec="0" bev="0" fileid="2" />
                <SequencePoint vc="0" uspid="24" ordinal="5" offset="34" sl="27" sc="13" el="27" ec="45" bec="0" bev="0" fileid="2" />
                <SequencePoint vc="0" uspid="25" ordinal="6" offset="43" sl="28" sc="9" el="28" ec="10" bec="0" bev="0" fileid="2" />
              </SequencePoints>
              <BranchPoints>
                <BranchPoint vc="0" uspid="26" ordinal="0" offset="27" sl="22" path="0" offsetend="29" fileid="2" />
                <BranchPoint vc="0" uspid="27" ordinal="1" offset="27" sl="22" path="1" offsetend="34" fileid="2" />
              </BranchPoints>
              <MethodPoint xsi:type="SequencePoint" vc="0" uspid="19" ordinal="0" offset="0" sl="18" sc="46" el="18" ec="47" bec="0" bev="0" fileid="2" />
            </Method>
            <Method visited="false" cyclomaticComplexity="2" nPathComplexity="2" sequenceCoverage="0" branchCoverage="0" crapScore="6" isConstructor="false" isStatic="false" isGetter="false" isSetter="false">
              <Summary numSequencePoints="7" visitedSequencePoints="0" numBranchPoints="3" visitedBranchPoints="0" sequenceCoverage="0" branchCoverage="0" maxCyclomaticComplexity="2" minCyclomaticComplexity="2" maxCrapScore="6" minCrapScore="6" visitedClasses="0" numClasses="0" visitedMethods="0" numMethods="1" />
              <MetadataToken>100663317</MetadataToken>
              <Name>System.Data.SqlClient.SqlConnection DigitalRolodexClassLibrary.ContactDataAccess::GetConnection()</Name>
              <FileRef uid="2" />
              <SequencePoints>
                <SequencePoint vc="0" uspid="28" ordinal="0" offset="0" sl="30" sc="47" el="30" ec="48" bec="0" bev="0" fileid="2" />
                <SequencePoint vc="0" uspid="29" ordinal="1" offset="1" sl="32" sc="13" el="32" ec="61" bec="0" bev="0" fileid="2" />
                <SequencePoint vc="0" uspid="30" ordinal="2" offset="8" sl="34" sc="13" el="34" ec="41" bec="2" bev="0" fileid="2" />
                <SequencePoint vc="0" uspid="31" ordinal="3" offset="19" sl="34" sc="42" el="34" ec="43" bec="0" bev="0" fileid="2" />
                <SequencePoint vc="0" uspid="32" ordinal="4" offset="20" sl="36" sc="17" el="36" ec="29" bec="0" bev="0" fileid="2" />
                <SequencePoint vc="0" uspid="33" ordinal="5" offset="24" sl="39" sc="13" el="39" ec="56" bec="0" bev="0" fileid="2" />
                <SequencePoint vc="0" uspid="34" ordinal="6" offset="33" sl="40" sc="9" el="40" ec="10" bec="0" bev="0" fileid="2" />
              </SequencePoints>
              <BranchPoints>
                <BranchPoint vc="0" uspid="35" ordinal="0" offset="17" sl="34" path="0" offsetend="19" fileid="2" />
                <BranchPoint vc="0" uspid="36" ordinal="1" offset="17" sl="34" path="1" offsetend="24" fileid="2" />
              </BranchPoints>
              <MethodPoint xsi:type="SequencePoint" vc="0" uspid="28" ordinal="0" offset="0" sl="30" sc="47" el="30" ec="48" bec="0" bev="0" fileid="2" />
            </Method>
            <Method visited="false" cyclomaticComplexity="3" nPathComplexity="0" sequenceCoverage="0" branchCoverage="0" crapScore="12" isConstructor="false" isStatic="false" isGetter="false" isSetter="false">
              <Summary numSequencePoints="13" visitedSequencePoints="0" numBranchPoints="1" visitedBranchPoints="0" sequenceCoverage="0" branchCoverage="0" maxCyclomaticComplexity="3" minCyclomaticComplexity="3" maxCrapScore="12" minCrapScore="12" visitedClasses="0" numClasses="0" visitedMethods="0" numMethods="1" />
              <MetadataToken>100663318</MetadataToken>
              <Name>System.Data.DataSet DigitalRolodexClassLibrary.ContactDataAccess::Retrieve()</Name>
              <FileRef uid="2" />
              <SequencePoints>
                <SequencePoint vc="0" uspid="37" ordinal="0" offset="0" sl="44" sc="35" el="44" ec="36" bec="0" bev="0" fileid="2" />
                <SequencePoint vc="0" uspid="38" ordinal="1" offset="1" sl="46" sc="13" el="46" ec="40" bec="0" bev="0" fileid="2" />
                <SequencePoint vc="0" uspid="39" ordinal="2" offset="7" sl="48" sc="19" el="48" ec="51" bec="0" bev="0" fileid="2" />
                <SequencePoint vc="0" uspid="40" ordinal="3" offset="14" sl="48" sc="53" el="48" ec="54" bec="0" bev="0" fileid="2" />
                <SequencePoint vc="0" uspid="41" ordinal="4" offset="15" sl="50" sc="23" el="50" ec="69" bec="0" bev="0" fileid="2" />
                <SequencePoint vc="0" uspid="42" ordinal="5" offset="23" sl="50" sc="71" el="50" ec="72" bec="0" bev="0" fileid="2" />
                <SequencePoint vc="0" uspid="43" ordinal="6" offset="24" sl="52" sc="21" el="52" ec="68" bec="0" bev="0" fileid="2" />
                <SequencePoint vc="0" uspid="44" ordinal="7" offset="36" sl="54" sc="21" el="54" ec="63" bec="0" bev="0" fileid="2" />
                <SequencePoint vc="0" uspid="45" ordinal="8" offset="43" sl="55" sc="21" el="55" ec="53" bec="0" bev="0" fileid="2" />
                <SequencePoint vc="0" uspid="46" ordinal="9" offset="56" sl="56" sc="17" el="56" ec="18" bec="0" bev="0" fileid="2" />
                <SequencePoint vc="0" uspid="47" ordinal="10" offset="78" sl="57" sc="13" el="57" ec="14" bec="0" bev="0" fileid="2" />
                <SequencePoint vc="0" uspid="48" ordinal="11" offset="100" sl="59" sc="13" el="59" ec="27" bec="0" bev="0" fileid="2" />
                <SequencePoint vc="0" uspid="49" ordinal="12" offset="105" sl="60" sc="9" el="60" ec="10" bec="0" bev="0" fileid="2" />
              </SequencePoints>
              <BranchPoints />
              <MethodPoint xsi:type="SequencePoint" vc="0" uspid="37" ordinal="0" offset="0" sl="44" sc="35" el="44" ec="36" bec="0" bev="0" fileid="2" />
            </Method>
            <Method visited="false" cyclomaticComplexity="3" nPathComplexity="0" sequenceCoverage="0" branchCoverage="0" crapScore="12" isConstructor="false" isStatic="false" isGetter="false" isSetter="false">
              <Summary numSequencePoints="14" visitedSequencePoints="0" numBranchPoints="1" visitedBranchPoints="0" sequenceCoverage="0" branchCoverage="0" maxCyclomaticComplexity="3" minCyclomaticComplexity="3" maxCrapScore="12" minCrapScore="12" visitedClasses="0" numClasses="0" visitedMethods="0" numMethods="1" />
              <MetadataToken>100663319</MetadataToken>
              <Name>System.Data.DataSet DigitalRolodexClassLibrary.ContactDataAccess::Retrieve(System.String)</Name>
              <FileRef uid="2" />
              <SequencePoints>
                <SequencePoint vc="0" uspid="50" ordinal="0" offset="0" sl="62" sc="46" el="62" ec="47" bec="0" bev="0" fileid="2" />
                <SequencePoint vc="0" uspid="51" ordinal="1" offset="1" sl="64" sc="13" el="64" ec="40" bec="0" bev="0" fileid="2" />
                <SequencePoint vc="0" uspid="52" ordinal="2" offset="7" sl="66" sc="19" el="66" ec="51" bec="0" bev="0" fileid="2" />
                <SequencePoint vc="0" uspid="53" ordinal="3" offset="14" sl="66" sc="53" el="66" ec="54" bec="0" bev="0" fileid="2" />
                <SequencePoint vc="0" uspid="54" ordinal="4" offset="15" sl="68" sc="23" el="68" ec="69" bec="0" bev="0" fileid="2" />
                <SequencePoint vc="0" uspid="55" ordinal="5" offset="23" sl="68" sc="71" el="68" ec="72" bec="0" bev="0" fileid="2" />
                <SequencePoint vc="0" uspid="56" ordinal="6" offset="24" sl="70" sc="21" el="71" ec="66" bec="0" bev="0" fileid="2" />
                <SequencePoint vc="0" uspid="57" ordinal="7" offset="36" sl="73" sc="21" el="73" ec="68" bec="0" bev="0" fileid="2" />
                <SequencePoint vc="0" uspid="58" ordinal="8" offset="54" sl="75" sc="21" el="75" ec="63" bec="0" bev="0" fileid="2" />
                <SequencePoint vc="0" uspid="59" ordinal="9" offset="61" sl="76" sc="21" el="76" ec="59" bec="0" bev="0" fileid="2" />
                <SequencePoint vc="0" uspid="60" ordinal="10" offset="74" sl="77" sc="17" el="77" ec="18" bec="0" bev="0" fileid="2" />
                <SequencePoint vc="0" uspid="61" ordinal="11" offset="96" sl="78" sc="13" el="78" ec="14" bec="0" bev="0" fileid="2" />
                <SequencePoint vc="0" uspid="62" ordinal="12" offset="118" sl="80" sc="13" el="80" ec="27" bec="0" bev="0" fileid="2" />
                <SequencePoint vc="0" uspid="63" ordinal="13" offset="123" sl="81" sc="9" el="81" ec="10" bec="0" bev="0" fileid="2" />
              </SequencePoints>
              <BranchPoints />
              <MethodPoint xsi:type="SequencePoint" vc="0" uspid="50" ordinal="0" offset="0" sl="62" sc="46" el="62" ec="47" bec="0" bev="0" fileid="2" />
            </Method>
            <Method visited="false" cyclomaticComplexity="3" nPathComplexity="0" sequenceCoverage="0" branchCoverage="0" crapScore="12" isConstructor="false" isStatic="false" isGetter="false" isSetter="false">
              <Summary numSequencePoints="15" visitedSequencePoints="0" numBranchPoints="1" visitedBranchPoints="0" sequenceCoverage="0" branchCoverage="0" maxCyclomaticComplexity="3" minCyclomaticComplexity="3" maxCrapScore="12" minCrapScore="12" visitedClasses="0" numClasses="0" visitedMethods="0" numMethods="1" />
              <MetadataToken>100663320</MetadataToken>
              <Name>System.Void DigitalRolodexClassLibrary.ContactDataAccess::Insert(DigitalRolodexClassLibrary.IContact)</Name>
              <FileRef uid="2" />
              <SequencePoints>
                <SequencePoint vc="0" uspid="64" ordinal="0" offset="0" sl="85" sc="46" el="85" ec="47" bec="0" bev="0" fileid="2" />
                <SequencePoint vc="0" uspid="65" ordinal="1" offset="1" sl="87" sc="19" el="87" ec="51" bec="0" bev="0" fileid="2" />
                <SequencePoint vc="0" uspid="66" ordinal="2" offset="8" sl="87" sc="53" el="87" ec="54" bec="0" bev="0" fileid="2" />
                <SequencePoint vc="0" uspid="67" ordinal="3" offset="9" sl="89" sc="17" el="89" ec="35" bec="0" bev="0" fileid="2" />
                <SequencePoint vc="0" uspid="68" ordinal="4" offset="16" sl="91" sc="23" el="91" ec="69" bec="0" bev="0" fileid="2" />
                <SequencePoint vc="0" uspid="69" ordinal="5" offset="24" sl="91" sc="71" el="91" ec="72" bec="0" bev="0" fileid="2" />
                <SequencePoint vc="0" uspid="70" ordinal="6" offset="25" sl="93" sc="21" el="96" ec="80" bec="0" bev="0" fileid="2" />
                <SequencePoint vc="0" uspid="71" ordinal="7" offset="37" sl="98" sc="21" el="98" ec="76" bec="0" bev="0" fileid="2" />
                <SequencePoint vc="0" uspid="72" ordinal="8" offset="60" sl="99" sc="21" el="99" ec="78" bec="0" bev="0" fileid="2" />
                <SequencePoint vc="0" uspid="73" ordinal="9" offset="83" sl="100" sc="21" el="100" ec="78" bec="0" bev="0" fileid="2" />
                <SequencePoint vc="0" uspid="74" ordinal="10" offset="106" sl="101" sc="21" el="101" ec="82" bec="0" bev="0" fileid="2" />
                <SequencePoint vc="0" uspid="75" ordinal="11" offset="129" sl="103" sc="21" el="103" ec="47" bec="0" bev="0" fileid="2" />
                <SequencePoint vc="0" uspid="76" ordinal="12" offset="136" sl="104" sc="17" el="104" ec="18" bec="0" bev="0" fileid="2" />
                <SequencePoint vc="0" uspid="77" ordinal="13" offset="156" sl="105" sc="13" el="105" ec="14" bec="0" bev="0" fileid="2" />
                <SequencePoint vc="0" uspid="78" ordinal="14" offset="176" sl="106" sc="9" el="106" ec="10" bec="0" bev="0" fileid="2" />
              </SequencePoints>
              <BranchPoints />
              <MethodPoint xsi:type="SequencePoint" vc="0" uspid="64" ordinal="0" offset="0" sl="85" sc="46" el="85" ec="47" bec="0" bev="0" fileid="2" />
            </Method>
            <Method visited="false" cyclomaticComplexity="3" nPathComplexity="0" sequenceCoverage="0" branchCoverage="0" crapScore="12" isConstructor="false" isStatic="false" isGetter="false" isSetter="false">
              <Summary numSequencePoints="16" visitedSequencePoints="0" numBranchPoints="1" visitedBranchPoints="0" sequenceCoverage="0" branchCoverage="0" maxCyclomaticComplexity="3" minCyclomaticComplexity="3" maxCrapScore="12" minCrapScore="12" visitedClasses="0" numClasses="0" visitedMethods="0" numMethods="1" />
              <MetadataToken>100663321</MetadataToken>
              <Name>System.Void DigitalRolodexClassLibrary.ContactDataAccess::Update(DigitalRolodexClassLibrary.IContact,System.Int32)</Name>
              <FileRef uid="2" />
              <SequencePoints>
                <SequencePoint vc="0" uspid="79" ordinal="0" offset="0" sl="110" sc="54" el="110" ec="55" bec="0" bev="0" fileid="2" />
                <SequencePoint vc="0" uspid="80" ordinal="1" offset="1" sl="112" sc="19" el="112" ec="51" bec="0" bev="0" fileid="2" />
                <SequencePoint vc="0" uspid="81" ordinal="2" offset="8" sl="112" sc="53" el="112" ec="54" bec="0" bev="0" fileid="2" />
                <SequencePoint vc="0" uspid="82" ordinal="3" offset="9" sl="114" sc="17" el="114" ec="35" bec="0" bev="0" fileid="2" />
                <SequencePoint vc="0" uspid="83" ordinal="4" offset="16" sl="116" sc="23" el="116" ec="69" bec="0" bev="0" fileid="2" />
                <SequencePoint vc="0" uspid="84" ordinal="5" offset="24" sl="116" sc="71" el="116" ec="72" bec="0" bev="0" fileid="2" />
                <SequencePoint vc="0" uspid="85" ordinal="6" offset="25" sl="118" sc="21" el="123" ec="62" bec="0" bev="0" fileid="2" />
                <SequencePoint vc="0" uspid="86" ordinal="7" offset="37" sl="125" sc="21" el="125" ec="76" bec="0" bev="0" fileid="2" />
                <SequencePoint vc="0" uspid="87" ordinal="8" offset="60" sl="126" sc="21" el="126" ec="78" bec="0" bev="0" fileid="2" />
                <SequencePoint vc="0" uspid="88" ordinal="9" offset="83" sl="127" sc="21" el="127" ec="78" bec="0" bev="0" fileid="2" />
                <SequencePoint vc="0" uspid="89" ordinal="10" offset="106" sl="128" sc="21" el="128" ec="82" bec="0" bev="0" fileid="2" />
                <SequencePoint vc="0" uspid="90" ordinal="11" offset="129" sl="129" sc="21" el="129" ec="64" bec="0" bev="0" fileid="2" />
                <SequencePoint vc="0" uspid="91" ordinal="12" offset="152" sl="131" sc="21" el="131" ec="47" bec="0" bev="0" fileid="2" />
                <SequencePoint vc="0" uspid="92" ordinal="13" offset="159" sl="132" sc="17" el="132" ec="18" bec="0" bev="0" fileid="2" />
                <SequencePoint vc="0" uspid="93" ordinal="14" offset="179" sl="133" sc="13" el="133" ec="14" bec="0" bev="0" fileid="2" />
                <SequencePoint vc="0" uspid="94" ordinal="15" offset="199" sl="134" sc="9" el="134" ec="10" bec="0" bev="0" fileid="2" />
              </SequencePoints>
              <BranchPoints />
              <MethodPoint xsi:type="SequencePoint" vc="0" uspid="79" ordinal="0" offset="0" sl="110" sc="54" el="110" ec="55" bec="0" bev="0" fileid="2" />
            </Method>
            <Method visited="false" cyclomaticComplexity="3" nPathComplexity="0" sequenceCoverage="0" branchCoverage="0" crapScore="12" isConstructor="false" isStatic="false" isGetter="false" isSetter="false">
              <Summary numSequencePoints="12" visitedSequencePoints="0" numBranchPoints="1" visitedBranchPoints="0" sequenceCoverage="0" branchCoverage="0" maxCyclomaticComplexity="3" minCyclomaticComplexity="3" maxCrapScore="12" minCrapScore="12" visitedClasses="0" numClasses="0" visitedMethods="0" numMethods="1" />
              <MetadataToken>100663322</MetadataToken>
              <Name>System.Void DigitalRolodexClassLibrary.ContactDataAccess::Delete(System.Int32)</Name>
              <FileRef uid="2" />
              <SequencePoints>
                <SequencePoint vc="0" uspid="95" ordinal="0" offset="0" sl="138" sc="36" el="138" ec="37" bec="0" bev="0" fileid="2" />
                <SequencePoint vc="0" uspid="96" ordinal="1" offset="1" sl="140" sc="19" el="140" ec="51" bec="0" bev="0" fileid="2" />
                <SequencePoint vc="0" uspid="97" ordinal="2" offset="8" sl="140" sc="53" el="140" ec="54" bec="0" bev="0" fileid="2" />
                <SequencePoint vc="0" uspid="98" ordinal="3" offset="9" sl="142" sc="17" el="142" ec="35" bec="0" bev="0" fileid="2" />
                <SequencePoint vc="0" uspid="99" ordinal="4" offset="16" sl="144" sc="23" el="144" ec="69" bec="0" bev="0" fileid="2" />
                <SequencePoint vc="0" uspid="100" ordinal="5" offset="24" sl="144" sc="71" el="144" ec="72" bec="0" bev="0" fileid="2" />
                <SequencePoint vc="0" uspid="101" ordinal="6" offset="25" sl="146" sc="21" el="147" ec="61" bec="0" bev="0" fileid="2" />
                <SequencePoint vc="0" uspid="102" ordinal="7" offset="37" sl="149" sc="21" el="149" ec="64" bec="0" bev="0" fileid="2" />
                <SequencePoint vc="0" uspid="103" ordinal="8" offset="60" sl="151" sc="21" el="151" ec="47" bec="0" bev="0" fileid="2" />
                <SequencePoint vc="0" uspid="104" ordinal="9" offset="67" sl="152" sc="17" el="152" ec="18" bec="0" bev="0" fileid="2" />
                <SequencePoint vc="0" uspid="105" ordinal="10" offset="87" sl="153" sc="13" el="153" ec="14" bec="0" bev="0" fileid="2" />
                <SequencePoint vc="0" uspid="106" ordinal="11" offset="107" sl="154" sc="9" el="154" ec="10" bec="0" bev="0" fileid="2" />
              </SequencePoints>
              <BranchPoints />
              <MethodPoint xsi:type="SequencePoint" vc="0" uspid="95" ordinal="0" offset="0" sl="138" sc="36" el="138" ec="37" bec="0" bev="0" fileid="2" />
            </Method>
            <Method visited="false" cyclomaticComplexity="1" nPathComplexity="0" sequenceCoverage="0" branchCoverage="0" crapScore="2" isConstructor="true" isStatic="false" isGetter="false" isSetter="false">
              <Summary numSequencePoints="1" visitedSequencePoints="0" numBranchPoints="1" visitedBranchPoints="0" sequenceCoverage="0" branchCoverage="0" maxCyclomaticComplexity="1" minCyclomaticComplexity="1" maxCrapScore="2" minCrapScore="2" visitedClasses="0" numClasses="0" visitedMethods="0" numMethods="1" />
              <MetadataToken>100663323</MetadataToken>
              <Name>System.Void DigitalRolodexClassLibrary.ContactDataAccess::.ctor()</Name>
              <FileRef uid="2" />
              <SequencePoints>
                <SequencePoint vc="0" uspid="107" ordinal="0" offset="0" sl="16" sc="9" el="16" ec="84" bec="0" bev="0" fileid="2" />
              </SequencePoints>
              <BranchPoints />
              <MethodPoint xsi:type="SequencePoint" vc="0" uspid="107" ordinal="0" offset="0" sl="16" sc="9" el="16" ec="84" bec="0" bev="0" fileid="2" />
            </Method>
          </Methods>
        </Class>
        <Class>
          <Summary numSequencePoints="28" visitedSequencePoints="28" numBranchPoints="8" visitedBranchPoints="8" sequenceCoverage="100" branchCoverage="100" maxCyclomaticComplexity="3" minCyclomaticComplexity="1" maxCrapScore="3" minCrapScore="1" visitedClasses="1" numClasses="1" visitedMethods="6" numMethods="6" />
          <FullName>DigitalRolodexClassLibrary.PhoneNumberValidator</FullName>
          <Methods>
            <Method skippedDueTo="AutoImplementedProperty" visited="false" cyclomaticComplexity="1" nPathComplexity="0" sequenceCoverage="0" branchCoverage="0" crapScore="0" isConstructor="false" isStatic="false" isGetter="true" isSetter="false">
              <MetadataToken>100663333</MetadataToken>
              <Name>System.Collections.Generic.HashSet`1&lt;System.String&gt; DigitalRolodexClassLibrary.PhoneNumberValidator::get_AreaCodes()</Name>
              <SequencePoints />
              <BranchPoints />
            </Method>
            <Method skippedDueTo="AutoImplementedProperty" visited="false" cyclomaticComplexity="1" nPathComplexity="0" sequenceCoverage="0" branchCoverage="0" crapScore="0" isConstructor="false" isStatic="false" isGetter="false" isSetter="true">
              <MetadataToken>100663334</MetadataToken>
              <Name>System.Void DigitalRolodexClassLibrary.PhoneNumberValidator::set_AreaCodes(System.Collections.Generic.HashSet`1&lt;System.String&gt;)</Name>
              <SequencePoints />
              <BranchPoints />
            </Method>
            <Method visited="true" cyclomaticComplexity="1" nPathComplexity="0" sequenceCoverage="100" branchCoverage="100" crapScore="1" isConstructor="true" isStatic="false" isGetter="false" isSetter="false">
              <Summary numSequencePoints="4" visitedSequencePoints="4" numBranchPoints="1" visitedBranchPoints="1" sequenceCoverage="100" branchCoverage="100" maxCyclomaticComplexity="1" minCyclomaticComplexity="1" maxCrapScore="1" minCrapScore="1" visitedClasses="0" numClasses="0" visitedMethods="1" numMethods="1" />
              <MetadataToken>100663335</MetadataToken>
              <Name>System.Void DigitalRolodexClassLibrary.PhoneNumberValidator::.ctor(System.String)</Name>
              <FileRef uid="3" />
              <SequencePoints>
                <SequencePoint vc="12" uspid="108" ordinal="0" offset="0" sl="14" sc="9" el="14" ec="53" bec="0" bev="0" fileid="3" />
                <SequencePoint vc="12" uspid="109" ordinal="1" offset="7" sl="14" sc="54" el="14" ec="55" bec="0" bev="0" fileid="3" />
                <SequencePoint vc="12" uspid="110" ordinal="2" offset="8" sl="16" sc="13" el="16" ec="48" bec="0" bev="0" fileid="3" />
                <SequencePoint vc="10" uspid="111" ordinal="3" offset="22" sl="17" sc="9" el="17" ec="10" bec="0" bev="0" fileid="3" />
              </SequencePoints>
              <BranchPoints />
              <MethodPoint xsi:type="SequencePoint" vc="12" uspid="108" ordinal="0" offset="0" sl="14" sc="9" el="14" ec="53" bec="0" bev="0" fileid="3" />
            </Method>
            <Method visited="true" cyclomaticComplexity="1" nPathComplexity="0" sequenceCoverage="100" branchCoverage="100" crapScore="1" isConstructor="false" isStatic="false" isGetter="false" isSetter="false">
              <Summary numSequencePoints="8" visitedSequencePoints="8" numBranchPoints="1" visitedBranchPoints="1" sequenceCoverage="100" branchCoverage="100" maxCyclomaticComplexity="1" minCyclomaticComplexity="1" maxCrapScore="1" minCrapScore="1" visitedClasses="0" numClasses="0" visitedMethods="1" numMethods="1" />
              <MetadataToken>100663336</MetadataToken>
              <Name>System.Collections.Generic.HashSet`1&lt;System.String&gt; DigitalRolodexClassLibrary.PhoneNumberValidator::GetAreaCodes(System.String)</Name>
              <FileRef uid="3" />
              <SequencePoints>
                <SequencePoint vc="12" uspid="112" ordinal="0" offset="0" sl="20" sc="63" el="20" ec="64" bec="0" bev="0" fileid="3" />
                <SequencePoint vc="12" uspid="113" ordinal="1" offset="1" sl="22" sc="17" el="22" ec="18" bec="0" bev="0" fileid="3" />
                <SequencePoint vc="12" uspid="114" ordinal="2" offset="2" sl="24" sc="17" el="24" ec="73" bec="0" bev="0" fileid="3" />
                <SequencePoint vc="2" uspid="115" ordinal="3" offset="16" sl="26" sc="13" el="26" ec="39" bec="0" bev="0" fileid="3" />
                <SequencePoint vc="2" uspid="116" ordinal="4" offset="17" sl="26" sc="40" el="26" ec="41" bec="0" bev="0" fileid="3" />
                <SequencePoint vc="2" uspid="117" ordinal="5" offset="18" sl="28" sc="17" el="28" ec="54" bec="0" bev="0" fileid="3" />
                <SequencePoint vc="2" uspid="118" ordinal="6" offset="30" sl="30" sc="17" el="30" ec="33" bec="0" bev="0" fileid="3" />
                <SequencePoint vc="10" uspid="119" ordinal="7" offset="33" sl="32" sc="9" el="32" ec="10" bec="0" bev="0" fileid="3" />
              </SequencePoints>
              <BranchPoints />
              <MethodPoint xsi:type="SequencePoint" vc="12" uspid="112" ordinal="0" offset="0" sl="20" sc="63" el="20" ec="64" bec="0" bev="0" fileid="3" />
            </Method>
            <Method visited="true" cyclomaticComplexity="1" nPathComplexity="0" sequenceCoverage="100" branchCoverage="100" crapScore="1" isConstructor="false" isStatic="false" isGetter="false" isSetter="false">
              <Summary numSequencePoints="3" visitedSequencePoints="3" numBranchPoints="1" visitedBranchPoints="1" sequenceCoverage="100" branchCoverage="100" maxCyclomaticComplexity="1" minCyclomaticComplexity="1" maxCrapScore="1" minCrapScore="1" visitedClasses="0" numClasses="0" visitedMethods="1" numMethods="1" />
              <MetadataToken>100663337</MetadataToken>
              <Name>System.Boolean DigitalRolodexClassLibrary.PhoneNumberValidator::IsValidAreaCode(System.String)</Name>
              <FileRef uid="3" />
              <SequencePoints>
                <SequencePoint vc="11" uspid="120" ordinal="0" offset="0" sl="34" sc="54" el="34" ec="55" bec="0" bev="0" fileid="3" />
                <SequencePoint vc="11" uspid="121" ordinal="1" offset="1" sl="36" sc="13" el="36" ec="49" bec="0" bev="0" fileid="3" />
                <SequencePoint vc="11" uspid="122" ordinal="2" offset="16" sl="37" sc="9" el="37" ec="10" bec="0" bev="0" fileid="3" />
              </SequencePoints>
              <BranchPoints />
              <MethodPoint xsi:type="SequencePoint" vc="11" uspid="120" ordinal="0" offset="0" sl="34" sc="54" el="34" ec="55" bec="0" bev="0" fileid="3" />
            </Method>
            <Method visited="true" cyclomaticComplexity="1" nPathComplexity="0" sequenceCoverage="100" branchCoverage="100" crapScore="1" isConstructor="false" isStatic="false" isGetter="false" isSetter="false">
              <Summary numSequencePoints="3" visitedSequencePoints="3" numBranchPoints="1" visitedBranchPoints="1" sequenceCoverage="100" branchCoverage="100" maxCyclomaticComplexity="1" minCyclomaticComplexity="1" maxCrapScore="1" minCrapScore="1" visitedClasses="0" numClasses="0" visitedMethods="1" numMethods="1" />
              <MetadataToken>100663338</MetadataToken>
              <Name>System.String DigitalRolodexClassLibrary.PhoneNumberValidator::GetDigits(System.String)</Name>
              <FileRef uid="3" />
              <SequencePoints>
                <SequencePoint vc="14" uspid="123" ordinal="0" offset="0" sl="41" sc="54" el="41" ec="55" bec="0" bev="0" fileid="3" />
                <SequencePoint vc="14" uspid="124" ordinal="1" offset="1" sl="43" sc="13" el="43" ec="65" bec="0" bev="0" fileid="3" />
                <SequencePoint vc="14" uspid="125" ordinal="2" offset="25" sl="44" sc="9" el="44" ec="10" bec="0" bev="0" fileid="3" />
              </SequencePoints>
              <BranchPoints />
              <MethodPoint xsi:type="SequencePoint" vc="14" uspid="123" ordinal="0" offset="0" sl="41" sc="54" el="41" ec="55" bec="0" bev="0" fileid="3" />
            </Method>
            <Method visited="true" cyclomaticComplexity="1" nPathComplexity="0" sequenceCoverage="100" branchCoverage="100" crapScore="1" isConstructor="false" isStatic="false" isGetter="false" isSetter="false">
              <Summary numSequencePoints="3" visitedSequencePoints="3" numBranchPoints="1" visitedBranchPoints="1" sequenceCoverage="100" branchCoverage="100" maxCyclomaticComplexity="1" minCyclomaticComplexity="1" maxCrapScore="1" minCrapScore="1" visitedClasses="0" numClasses="0" visitedMethods="1" numMethods="1" />
              <MetadataToken>100663339</MetadataToken>
              <Name>System.Boolean DigitalRolodexClassLibrary.PhoneNumberValidator::HasLetters(System.String)</Name>
              <FileRef uid="3" />
              <SequencePoints>
                <SequencePoint vc="6" uspid="126" ordinal="0" offset="0" sl="46" sc="53" el="46" ec="54" bec="0" bev="0" fileid="3" />
                <SequencePoint vc="6" uspid="127" ordinal="1" offset="1" sl="48" sc="13" el="48" ec="56" bec="0" bev="0" fileid="3" />
                <SequencePoint vc="6" uspid="128" ordinal="2" offset="15" sl="49" sc="9" el="49" ec="10" bec="0" bev="0" fileid="3" />
              </SequencePoints>
              <BranchPoints />
              <MethodPoint xsi:type="SequencePoint" vc="6" uspid="126" ordinal="0" offset="0" sl="46" sc="53" el="46" ec="54" bec="0" bev="0" fileid="3" />
            </Method>
            <Method visited="true" cyclomaticComplexity="3" nPathComplexity="2" sequenceCoverage="100" branchCoverage="100" crapScore="3" isConstructor="false" isStatic="false" isGetter="false" isSetter="false">
              <Summary numSequencePoints="7" visitedSequencePoints="7" numBranchPoints="3" visitedBranchPoints="3" sequenceCoverage="100" branchCoverage="100" maxCyclomaticComplexity="3" minCyclomaticComplexity="3" maxCrapScore="3" minCrapScore="3" visitedClasses="0" numClasses="0" visitedMethods="1" numMethods="1" />
              <MetadataToken>100663340</MetadataToken>
              <Name>System.Boolean DigitalRolodexClassLibrary.PhoneNumberValidator::IsValidPhoneNumber(System.String)</Name>
              <FileRef uid="3" />
              <SequencePoints>
                <SequencePoint vc="14" uspid="129" ordinal="0" offset="0" sl="51" sc="60" el="51" ec="61" bec="0" bev="0" fileid="3" />
                <SequencePoint vc="14" uspid="130" ordinal="1" offset="1" sl="53" sc="13" el="53" ec="52" bec="0" bev="0" fileid="3" />
                <SequencePoint vc="14" uspid="131" ordinal="2" offset="9" sl="55" sc="13" el="55" ec="63" bec="2" bev="2" fileid="3" />
                <SequencePoint vc="8" uspid="132" ordinal="3" offset="37" sl="55" sc="64" el="55" ec="65" bec="0" bev="0" fileid="3" />
                <SequencePoint vc="8" uspid="133" ordinal="4" offset="38" sl="57" sc="17" el="57" ec="30" bec="0" bev="0" fileid="3" />
                <SequencePoint vc="6" uspid="134" ordinal="5" offset="42" sl="60" sc="13" el="60" ec="60" bec="0" bev="0" fileid="3" />
                <SequencePoint vc="14" uspid="135" ordinal="6" offset="59" sl="61" sc="9" el="61" ec="10" bec="0" bev="0" fileid="3" />
              </SequencePoints>
              <BranchPoints>
                <BranchPoint vc="8" uspid="138" ordinal="2" offset="35" sl="55" path="0" offsetend="37" fileid="3" />
                <BranchPoint vc="6" uspid="139" ordinal="3" offset="35" sl="55" path="1" offsetend="42" fileid="3" />
              </BranchPoints>
              <MethodPoint xsi:type="SequencePoint" vc="14" uspid="129" ordinal="0" offset="0" sl="51" sc="60" el="51" ec="61" bec="0" bev="0" fileid="3" />
            </Method>
          </Methods>
        </Class>
        <Class>
          <Summary numSequencePoints="0" visitedSequencePoints="0" numBranchPoints="0" visitedBranchPoints="0" sequenceCoverage="0" branchCoverage="0" maxCyclomaticComplexity="1" minCyclomaticComplexity="1" maxCrapScore="2" minCrapScore="2" visitedClasses="0" numClasses="0" visitedMethods="0" numMethods="0" />
          <FullName>DigitalRolodexClassLibrary.Properties.Settings</FullName>
          <Methods>
            <Method visited="false" cyclomaticComplexity="1" nPathComplexity="0" sequenceCoverage="0" branchCoverage="0" crapScore="2" isConstructor="true" isStatic="false" isGetter="false" isSetter="false">
              <Summary numSequencePoints="0" visitedSequencePoints="0" numBranchPoints="0" visitedBranchPoints="0" sequenceCoverage="0" branchCoverage="0" maxCyclomaticComplexity="1" minCyclomaticComplexity="1" maxCrapScore="2" minCrapScore="2" visitedClasses="0" numClasses="0" visitedMethods="0" numMethods="0" />
              <MetadataToken>100663347</MetadataToken>
              <Name>System.Void DigitalRolodexClassLibrary.Properties.Settings::.ctor()</Name>
              <SequencePoints />
              <BranchPoints />
              <MethodPoint vc="0" uspid="140" ordinal="0" offset="0" />
            </Method>
          </Methods>
        </Class>
        <Class>
          <Summary numSequencePoints="41" visitedSequencePoints="41" numBranchPoints="12" visitedBranchPoints="12" sequenceCoverage="100" branchCoverage="100" maxCyclomaticComplexity="2" minCyclomaticComplexity="1" maxCrapScore="2" minCrapScore="1" visitedClasses="1" numClasses="1" visitedMethods="12" numMethods="12" />
          <FullName>DigitalRolodexClassLibrary.RolodexValidator</FullName>
          <Methods>
            <Method skippedDueTo="AutoImplementedProperty" visited="false" cyclomaticComplexity="1" nPathComplexity="0" sequenceCoverage="0" branchCoverage="0" crapScore="0" isConstructor="false" isStatic="false" isGetter="true" isSetter="false">
              <MetadataToken>100663349</MetadataToken>
              <Name>DigitalRolodexClassLibrary.IPhoneNumberValidator DigitalRolodexClassLibrary.RolodexValidator::get_PhoneNumberValidator()</Name>
              <SequencePoints />
              <BranchPoints />
            </Method>
            <Method skippedDueTo="AutoImplementedProperty" visited="false" cyclomaticComplexity="1" nPathComplexity="0" sequenceCoverage="0" branchCoverage="0" crapScore="0" isConstructor="false" isStatic="false" isGetter="false" isSetter="true">
              <MetadataToken>100663350</MetadataToken>
              <Name>System.Void DigitalRolodexClassLibrary.RolodexValidator::set_PhoneNumberValidator(DigitalRolodexClassLibrary.IPhoneNumberValidator)</Name>
              <SequencePoints />
              <BranchPoints />
            </Method>
            <Method visited="true" cyclomaticComplexity="1" nPathComplexity="0" sequenceCoverage="100" branchCoverage="100" crapScore="1" isConstructor="true" isStatic="false" isGetter="false" isSetter="false">
              <Summary numSequencePoints="4" visitedSequencePoints="4" numBranchPoints="1" visitedBranchPoints="1" sequenceCoverage="100" branchCoverage="100" maxCyclomaticComplexity="1" minCyclomaticComplexity="1" maxCrapScore="1" minCrapScore="1" visitedClasses="0" numClasses="0" visitedMethods="1" numMethods="1" />
              <MetadataToken>100663351</MetadataToken>
              <Name>System.Void DigitalRolodexClassLibrary.RolodexValidator::.ctor(DigitalRolodexClassLibrary.IPhoneNumberValidator)</Name>
              <FileRef uid="6" />
              <SequencePoints>
                <SequencePoint vc="21" uspid="141" ordinal="0" offset="0" sl="13" sc="9" el="13" ec="76" bec="0" bev="0" fileid="6" />
                <SequencePoint vc="21" uspid="142" ordinal="1" offset="7" sl="13" sc="77" el="13" ec="78" bec="0" bev="0" fileid="6" />
                <SequencePoint vc="21" uspid="143" ordinal="2" offset="8" sl="15" sc="13" el="15" ec="57" bec="0" bev="0" fileid="6" />
                <SequencePoint vc="21" uspid="144" ordinal="3" offset="16" sl="16" sc="9" el="16" ec="10" bec="0" bev="0" fileid="6" />
              </SequencePoints>
              <BranchPoints />
              <MethodPoint xsi:type="SequencePoint" vc="21" uspid="141" ordinal="0" offset="0" sl="13" sc="9" el="13" ec="76" bec="0" bev="0" fileid="6" />
            </Method>
            <Method visited="true" cyclomaticComplexity="2" nPathComplexity="0" sequenceCoverage="100" branchCoverage="100" crapScore="2" isConstructor="false" isStatic="false" isGetter="false" isSetter="false">
              <Summary numSequencePoints="3" visitedSequencePoints="3" numBranchPoints="1" visitedBranchPoints="1" sequenceCoverage="100" branchCoverage="100" maxCyclomaticComplexity="2" minCyclomaticComplexity="2" maxCrapScore="2" minCrapScore="2" visitedClasses="0" numClasses="0" visitedMethods="1" numMethods="1" />
              <MetadataToken>100663352</MetadataToken>
              <Name>System.Boolean DigitalRolodexClassLibrary.RolodexValidator::IsValidNameLength(System.String)</Name>
              <FileRef uid="6" />
              <SequencePoints>
                <SequencePoint vc="13" uspid="145" ordinal="0" offset="0" sl="19" sc="53" el="19" ec="54" bec="0" bev="0" fileid="6" />
                <SequencePoint vc="13" uspid="146" ordinal="1" offset="1" sl="21" sc="13" el="21" ec="58" bec="0" bev="0" fileid="6" />
                <SequencePoint vc="13" uspid="147" ordinal="2" offset="30" sl="22" sc="9" el="22" ec="10" bec="0" bev="0" fileid="6" />
              </SequencePoints>
              <BranchPoints />
              <MethodPoint xsi:type="SequencePoint" vc="13" uspid="145" ordinal="0" offset="0" sl="19" sc="53" el="19" ec="54" bec="0" bev="0" fileid="6" />
            </Method>
            <Method visited="true" cyclomaticComplexity="1" nPathComplexity="0" sequenceCoverage="100" branchCoverage="100" crapScore="1" isConstructor="false" isStatic="false" isGetter="false" isSetter="false">
              <Summary numSequencePoints="3" visitedSequencePoints="3" numBranchPoints="1" visitedBranchPoints="1" sequenceCoverage="100" branchCoverage="100" maxCyclomaticComplexity="1" minCyclomaticComplexity="1" maxCrapScore="1" minCrapScore="1" visitedClasses="0" numClasses="0" visitedMethods="1" numMethods="1" />
              <MetadataToken>100663353</MetadataToken>
              <Name>System.Boolean DigitalRolodexClassLibrary.RolodexValidator::IsLegalNameFormat(System.String)</Name>
              <FileRef uid="6" />
              <SequencePoints>
                <SequencePoint vc="9" uspid="150" ordinal="0" offset="0" sl="24" sc="53" el="24" ec="54" bec="0" bev="0" fileid="6" />
                <SequencePoint vc="9" uspid="151" ordinal="1" offset="1" sl="26" sc="13" el="26" ec="70" bec="0" bev="0" fileid="6" />
                <SequencePoint vc="9" uspid="152" ordinal="2" offset="15" sl="27" sc="9" el="27" ec="10" bec="0" bev="0" fileid="6" />
              </SequencePoints>
              <BranchPoints />
              <MethodPoint xsi:type="SequencePoint" vc="9" uspid="150" ordinal="0" offset="0" sl="24" sc="53" el="24" ec="54" bec="0" bev="0" fileid="6" />
            </Method>
            <Method visited="true" cyclomaticComplexity="2" nPathComplexity="0" sequenceCoverage="100" branchCoverage="100" crapScore="2" isConstructor="false" isStatic="false" isGetter="false" isSetter="false">
              <Summary numSequencePoints="4" visitedSequencePoints="4" numBranchPoints="1" visitedBranchPoints="1" sequenceCoverage="100" branchCoverage="100" maxCyclomaticComplexity="2" minCyclomaticComplexity="2" maxCrapScore="2" minCrapScore="2" visitedClasses="0" numClasses="0" visitedMethods="1" numMethods="1" />
              <MetadataToken>100663354</MetadataToken>
              <Name>System.Boolean DigitalRolodexClassLibrary.RolodexValidator::IsValidName(System.String)</Name>
              <FileRef uid="6" />
              <SequencePoints>
                <SequencePoint vc="13" uspid="153" ordinal="0" offset="0" sl="29" sc="46" el="29" ec="47" bec="0" bev="0" fileid="6" />
                <SequencePoint vc="13" uspid="154" ordinal="1" offset="1" sl="31" sc="13" el="31" ec="42" bec="0" bev="0" fileid="6" />
                <SequencePoint vc="13" uspid="155" ordinal="2" offset="14" sl="33" sc="13" el="33" ec="71" bec="0" bev="0" fileid="6" />
                <SequencePoint vc="13" uspid="156" ordinal="3" offset="37" sl="34" sc="9" el="34" ec="10" bec="0" bev="0" fileid="6" />
              </SequencePoints>
              <BranchPoints />
              <MethodPoint xsi:type="SequencePoint" vc="13" uspid="153" ordinal="0" offset="0" sl="29" sc="46" el="29" ec="47" bec="0" bev="0" fileid="6" />
            </Method>
            <Method visited="true" cyclomaticComplexity="1" nPathComplexity="0" sequenceCoverage="100" branchCoverage="100" crapScore="1" isConstructor="false" isStatic="false" isGetter="false" isSetter="false">
              <Summary numSequencePoints="3" visitedSequencePoints="3" numBranchPoints="1" visitedBranchPoints="1" sequenceCoverage="100" branchCoverage="100" maxCyclomaticComplexity="1" minCyclomaticComplexity="1" maxCrapScore="1" minCrapScore="1" visitedClasses="0" numClasses="0" visitedMethods="1" numMethods="1" />
              <MetadataToken>100663355</MetadataToken>
              <Name>System.Boolean DigitalRolodexClassLibrary.RolodexValidator::IsValidPhoneNumber(System.String)</Name>
              <FileRef uid="6" />
              <SequencePoints>
                <SequencePoint vc="4" uspid="159" ordinal="0" offset="0" sl="38" sc="60" el="38" ec="61" bec="0" bev="0" fileid="6" />
                <SequencePoint vc="4" uspid="160" ordinal="1" offset="1" sl="40" sc="13" el="40" ec="73" bec="0" bev="0" fileid="6" />
                <SequencePoint vc="4" uspid="161" ordinal="2" offset="16" sl="41" sc="9" el="41" ec="10" bec="0" bev="0" fileid="6" />
              </SequencePoints>
              <BranchPoints />
              <MethodPoint xsi:type="SequencePoint" vc="4" uspid="159" ordinal="0" offset="0" sl="38" sc="60" el="38" ec="61" bec="0" bev="0" fileid="6" />
            </Method>
            <Method visited="true" cyclomaticComplexity="1" nPathComplexity="0" sequenceCoverage="100" branchCoverage="100" crapScore="1" isConstructor="false" isStatic="false" isGetter="false" isSetter="false">
              <Summary numSequencePoints="3" visitedSequencePoints="3" numBranchPoints="1" visitedBranchPoints="1" sequenceCoverage="100" branchCoverage="100" maxCyclomaticComplexity="1" minCyclomaticComplexity="1" maxCrapScore="1" minCrapScore="1" visitedClasses="0" numClasses="0" visitedMethods="1" numMethods="1" />
              <MetadataToken>100663356</MetadataToken>
              <Name>System.Boolean DigitalRolodexClassLibrary.RolodexValidator::IsValidEmailFormat(System.String)</Name>
              <FileRef uid="6" />
              <SequencePoints>
                <SequencePoint vc="8" uspid="162" ordinal="0" offset="0" sl="45" sc="55" el="45" ec="56" bec="0" bev="0" fileid="6" />
                <SequencePoint vc="8" uspid="163" ordinal="1" offset="1" sl="47" sc="13" el="47" ec="66" bec="0" bev="0" fileid="6" />
                <SequencePoint vc="8" uspid="164" ordinal="2" offset="15" sl="48" sc="9" el="48" ec="10" bec="0" bev="0" fileid="6" />
              </SequencePoints>
              <BranchPoints />
              <MethodPoint xsi:type="SequencePoint" vc="8" uspid="162" ordinal="0" offset="0" sl="45" sc="55" el="45" ec="56" bec="0" bev="0" fileid="6" />
            </Method>
            <Method visited="true" cyclomaticComplexity="2" nPathComplexity="0" sequenceCoverage="100" branchCoverage="100" crapScore="2" isConstructor="false" isStatic="false" isGetter="false" isSetter="false">
              <Summary numSequencePoints="3" visitedSequencePoints="3" numBranchPoints="1" visitedBranchPoints="1" sequenceCoverage="100" branchCoverage="100" maxCyclomaticComplexity="2" minCyclomaticComplexity="2" maxCrapScore="2" minCrapScore="2" visitedClasses="0" numClasses="0" visitedMethods="1" numMethods="1" />
              <MetadataToken>100663357</MetadataToken>
              <Name>System.Boolean DigitalRolodexClassLibrary.RolodexValidator::IsValidEmailLength(System.String)</Name>
              <FileRef uid="6" />
              <SequencePoints>
                <SequencePoint vc="4" uspid="165" ordinal="0" offset="0" sl="50" sc="55" el="50" ec="56" bec="0" bev="0" fileid="6" />
                <SequencePoint vc="4" uspid="166" ordinal="1" offset="1" sl="52" sc="13" el="52" ec="60" bec="0" bev="0" fileid="6" />
                <SequencePoint vc="4" uspid="167" ordinal="2" offset="30" sl="53" sc="9" el="53" ec="10" bec="0" bev="0" fileid="6" />
              </SequencePoints>
              <BranchPoints />
              <MethodPoint xsi:type="SequencePoint" vc="4" uspid="165" ordinal="0" offset="0" sl="50" sc="55" el="50" ec="56" bec="0" bev="0" fileid="6" />
            </Method>
            <Method visited="true" cyclomaticComplexity="2" nPathComplexity="0" sequenceCoverage="100" branchCoverage="100" crapScore="2" isConstructor="false" isStatic="false" isGetter="false" isSetter="false">
              <Summary numSequencePoints="4" visitedSequencePoints="4" numBranchPoints="1" visitedBranchPoints="1" sequenceCoverage="100" branchCoverage="100" maxCyclomaticComplexity="2" minCyclomaticComplexity="2" maxCrapScore="2" minCrapScore="2" visitedClasses="0" numClasses="0" visitedMethods="1" numMethods="1" />
              <MetadataToken>100663358</MetadataToken>
              <Name>System.Boolean DigitalRolodexClassLibrary.RolodexValidator::IsValidEmail(System.String)</Name>
              <FileRef uid="6" />
              <SequencePoints>
                <SequencePoint vc="8" uspid="170" ordinal="0" offset="0" sl="55" sc="48" el="55" ec="49" bec="0" bev="0" fileid="6" />
                <SequencePoint vc="8" uspid="171" ordinal="1" offset="1" sl="57" sc="13" el="57" ec="34" bec="0" bev="0" fileid="6" />
                <SequencePoint vc="8" uspid="172" ordinal="2" offset="9" sl="59" sc="13" el="59" ec="75" bec="0" bev="0" fileid="6" />
                <SequencePoint vc="8" uspid="173" ordinal="3" offset="32" sl="60" sc="9" el="60" ec="10" bec="0" bev="0" fileid="6" />
              </SequencePoints>
              <BranchPoints />
              <MethodPoint xsi:type="SequencePoint" vc="8" uspid="170" ordinal="0" offset="0" sl="55" sc="48" el="55" ec="49" bec="0" bev="0" fileid="6" />
            </Method>
            <Method visited="true" cyclomaticComplexity="2" nPathComplexity="0" sequenceCoverage="100" branchCoverage="100" crapScore="2" isConstructor="false" isStatic="false" isGetter="false" isSetter="false">
              <Summary numSequencePoints="3" visitedSequencePoints="3" numBranchPoints="1" visitedBranchPoints="1" sequenceCoverage="100" branchCoverage="100" maxCyclomaticComplexity="2" minCyclomaticComplexity="2" maxCrapScore="2" minCrapScore="2" visitedClasses="0" numClasses="0" visitedMethods="1" numMethods="1" />
              <MetadataToken>100663359</MetadataToken>
              <Name>System.Boolean DigitalRolodexClassLibrary.RolodexValidator::IsValidAddressLength(System.String)</Name>
              <FileRef uid="6" />
              <SequencePoints>
                <SequencePoint vc="6" uspid="176" ordinal="0" offset="0" sl="64" sc="59" el="64" ec="60" bec="0" bev="0" fileid="6" />
                <SequencePoint vc="6" uspid="177" ordinal="1" offset="1" sl="66" sc="13" el="66" ec="64" bec="0" bev="0" fileid="6" />
                <SequencePoint vc="6" uspid="178" ordinal="2" offset="30" sl="67" sc="9" el="67" ec="10" bec="0" bev="0" fileid="6" />
              </SequencePoints>
              <BranchPoints />
              <MethodPoint xsi:type="SequencePoint" vc="6" uspid="176" ordinal="0" offset="0" sl="64" sc="59" el="64" ec="60" bec="0" bev="0" fileid="6" />
            </Method>
            <Method visited="true" cyclomaticComplexity="1" nPathComplexity="0" sequenceCoverage="100" branchCoverage="100" crapScore="1" isConstructor="false" isStatic="false" isGetter="false" isSetter="false">
              <Summary numSequencePoints="3" visitedSequencePoints="3" numBranchPoints="1" visitedBranchPoints="1" sequenceCoverage="100" branchCoverage="100" maxCyclomaticComplexity="1" minCyclomaticComplexity="1" maxCrapScore="1" minCrapScore="1" visitedClasses="0" numClasses="0" visitedMethods="1" numMethods="1" />
              <MetadataToken>100663360</MetadataToken>
              <Name>System.Boolean DigitalRolodexClassLibrary.RolodexValidator::IsLegalCharacters(System.String)</Name>
              <FileRef uid="6" />
              <SequencePoints>
                <SequencePoint vc="2" uspid="181" ordinal="0" offset="0" sl="69" sc="56" el="69" ec="57" bec="0" bev="0" fileid="6" />
                <SequencePoint vc="2" uspid="182" ordinal="1" offset="1" sl="71" sc="13" el="71" ec="68" bec="0" bev="0" fileid="6" />
                <SequencePoint vc="2" uspid="183" ordinal="2" offset="15" sl="72" sc="9" el="72" ec="10" bec="0" bev="0" fileid="6" />
              </SequencePoints>
              <BranchPoints />
              <MethodPoint xsi:type="SequencePoint" vc="2" uspid="181" ordinal="0" offset="0" sl="69" sc="56" el="69" ec="57" bec="0" bev="0" fileid="6" />
            </Method>
            <Method visited="true" cyclomaticComplexity="2" nPathComplexity="0" sequenceCoverage="100" branchCoverage="100" crapScore="2" isConstructor="false" isStatic="false" isGetter="false" isSetter="false">
              <Summary numSequencePoints="4" visitedSequencePoints="4" numBranchPoints="1" visitedBranchPoints="1" sequenceCoverage="100" branchCoverage="100" maxCyclomaticComplexity="2" minCyclomaticComplexity="2" maxCrapScore="2" minCrapScore="2" visitedClasses="0" numClasses="0" visitedMethods="1" numMethods="1" />
              <MetadataToken>100663361</MetadataToken>
              <Name>System.Boolean DigitalRolodexClassLibrary.RolodexValidator::IsValidAddress(System.String)</Name>
              <FileRef uid="6" />
              <SequencePoints>
                <SequencePoint vc="6" uspid="184" ordinal="0" offset="0" sl="74" sc="52" el="74" ec="53" bec="0" bev="0" fileid="6" />
                <SequencePoint vc="6" uspid="185" ordinal="1" offset="1" sl="76" sc="13" el="76" ec="38" bec="0" bev="0" fileid="6" />
                <SequencePoint vc="6" uspid="186" ordinal="2" offset="9" sl="78" sc="13" el="78" ec="80" bec="0" bev="0" fileid="6" />
                <SequencePoint vc="6" uspid="187" ordinal="3" offset="32" sl="79" sc="9" el="79" ec="10" bec="0" bev="0" fileid="6" />
              </SequencePoints>
              <BranchPoints />
              <MethodPoint xsi:type="SequencePoint" vc="6" uspid="184" ordinal="0" offset="0" sl="74" sc="52" el="74" ec="53" bec="0" bev="0" fileid="6" />
            </Method>
            <Method visited="true" cyclomaticComplexity="2" nPathComplexity="0" sequenceCoverage="100" branchCoverage="100" crapScore="2" isConstructor="false" isStatic="false" isGetter="false" isSetter="false">
              <Summary numSequencePoints="4" visitedSequencePoints="4" numBranchPoints="1" visitedBranchPoints="1" sequenceCoverage="100" branchCoverage="100" maxCyclomaticComplexity="2" minCyclomaticComplexity="2" maxCrapScore="2" minCrapScore="2" visitedClasses="0" numClasses="0" visitedMethods="1" numMethods="1" />
              <MetadataToken>100663362</MetadataToken>
              <Name>System.Boolean DigitalRolodexClassLibrary.RolodexValidator::IsValidSearchText(System.String,System.String)</Name>
              <FileRef uid="6" />
              <SequencePoints>
                <SequencePoint vc="3" uspid="190" ordinal="0" offset="0" sl="83" sc="78" el="83" ec="79" bec="0" bev="0" fileid="6" />
                <SequencePoint vc="3" uspid="191" ordinal="1" offset="1" sl="85" sc="13" el="85" ec="44" bec="0" bev="0" fileid="6" />
                <SequencePoint vc="3" uspid="192" ordinal="2" offset="9" sl="87" sc="13" el="87" ec="76" bec="0" bev="0" fileid="6" />
                <SequencePoint vc="3" uspid="193" ordinal="3" offset="36" sl="88" sc="9" el="88" ec="10" bec="0" bev="0" fileid="6" />
              </SequencePoints>
              <BranchPoints />
              <MethodPoint xsi:type="SequencePoint" vc="3" uspid="190" ordinal="0" offset="0" sl="83" sc="78" el="83" ec="79" bec="0" bev="0" fileid="6" />
            </Method>
          </Methods>
        </Class>
        <Class>
          <Summary numSequencePoints="10" visitedSequencePoints="10" numBranchPoints="5" visitedBranchPoints="5" sequenceCoverage="100" branchCoverage="100" maxCyclomaticComplexity="2" minCyclomaticComplexity="1" maxCrapScore="2" minCrapScore="1" visitedClasses="1" numClasses="1" visitedMethods="3" numMethods="3" />
          <FullName>DigitalRolodexClassLibrary.TextBoxValidator</FullName>
          <Methods>
            <Method visited="true" cyclomaticComplexity="2" nPathComplexity="2" sequenceCoverage="100" branchCoverage="100" crapScore="2" isConstructor="false" isStatic="false" isGetter="false" isSetter="false">
              <Summary numSequencePoints="6" visitedSequencePoints="6" numBranchPoints="3" visitedBranchPoints="3" sequenceCoverage="100" branchCoverage="100" maxCyclomaticComplexity="2" minCyclomaticComplexity="2" maxCrapScore="2" minCrapScore="2" visitedClasses="0" numClasses="0" visitedMethods="1" numMethods="1" />
              <MetadataToken>100663363</MetadataToken>
              <Name>System.Boolean DigitalRolodexClassLibrary.TextBoxValidator::IsEmpty(System.Windows.Forms.TextBoxBase)</Name>
              <FileRef uid="7" />
              <SequencePoints>
                <SequencePoint vc="10" uspid="196" ordinal="0" offset="0" sl="12" sc="50" el="12" ec="51" bec="0" bev="0" fileid="7" />
                <SequencePoint vc="10" uspid="197" ordinal="1" offset="1" sl="14" sc="13" el="14" ec="59" bec="2" bev="2" fileid="7" />
                <SequencePoint vc="3" uspid="198" ordinal="2" offset="29" sl="14" sc="60" el="14" ec="61" bec="0" bev="0" fileid="7" />
                <SequencePoint vc="3" uspid="199" ordinal="3" offset="30" sl="16" sc="17" el="16" ec="60" bec="0" bev="0" fileid="7" />
                <SequencePoint vc="7" uspid="200" ordinal="4" offset="52" sl="19" sc="13" el="19" ec="56" bec="0" bev="0" fileid="7" />
                <SequencePoint vc="10" uspid="201" ordinal="5" offset="76" sl="20" sc="9" el="20" ec="10" bec="0" bev="0" fileid="7" />
              </SequencePoints>
              <BranchPoints>
                <BranchPoint vc="3" uspid="202" ordinal="0" offset="27" sl="14" path="0" offsetend="29" fileid="7" />
                <BranchPoint vc="7" uspid="203" ordinal="1" offset="27" sl="14" path="1" offsetend="52" fileid="7" />
              </BranchPoints>
              <MethodPoint xsi:type="SequencePoint" vc="10" uspid="196" ordinal="0" offset="0" sl="12" sc="50" el="12" ec="51" bec="0" bev="0" fileid="7" />
            </Method>
            <Method visited="true" cyclomaticComplexity="1" nPathComplexity="0" sequenceCoverage="100" branchCoverage="100" crapScore="1" isConstructor="false" isStatic="false" isGetter="false" isSetter="false">
              <Summary numSequencePoints="3" visitedSequencePoints="3" numBranchPoints="1" visitedBranchPoints="1" sequenceCoverage="100" branchCoverage="100" maxCyclomaticComplexity="1" minCyclomaticComplexity="1" maxCrapScore="1" minCrapScore="1" visitedClasses="0" numClasses="0" visitedMethods="1" numMethods="1" />
              <MetadataToken>100663364</MetadataToken>
              <Name>System.Boolean DigitalRolodexClassLibrary.TextBoxValidator::HasEmptyField(System.Windows.Forms.TextBoxBase[])</Name>
              <FileRef uid="7" />
              <SequencePoints>
                <SequencePoint vc="3" uspid="204" ordinal="0" offset="0" sl="22" sc="60" el="22" ec="61" bec="0" bev="0" fileid="7" />
                <SequencePoint vc="3" uspid="205" ordinal="1" offset="1" sl="24" sc="13" el="24" ec="63" bec="0" bev="0" fileid="7" />
                <SequencePoint vc="3" uspid="206" ordinal="2" offset="22" sl="25" sc="9" el="25" ec="10" bec="0" bev="0" fileid="7" />
              </SequencePoints>
              <BranchPoints />
              <MethodPoint xsi:type="SequencePoint" vc="3" uspid="204" ordinal="0" offset="0" sl="22" sc="60" el="22" ec="61" bec="0" bev="0" fileid="7" />
            </Method>
            <Method visited="false" cyclomaticComplexity="1" nPathComplexity="0" sequenceCoverage="0" branchCoverage="0" crapScore="2" isConstructor="true" isStatic="false" isGetter="false" isSetter="false">
              <Summary numSequencePoints="0" visitedSequencePoints="0" numBranchPoints="0" visitedBranchPoints="0" sequenceCoverage="0" branchCoverage="0" maxCyclomaticComplexity="1" minCyclomaticComplexity="1" maxCrapScore="2" minCrapScore="2" visitedClasses="0" numClasses="0" visitedMethods="0" numMethods="0" />
              <MetadataToken>100663365</MetadataToken>
              <Name>System.Void DigitalRolodexClassLibrary.TextBoxValidator::.ctor()</Name>
              <SequencePoints />
              <BranchPoints />
              <MethodPoint vc="0" uspid="207" ordinal="0" offset="0" />
            </Method>
            <Method visited="true" cyclomaticComplexity="1" nPathComplexity="0" sequenceCoverage="100" branchCoverage="100" crapScore="1" isConstructor="false" isStatic="false" isGetter="false" isSetter="false">
              <Summary numSequencePoints="1" visitedSequencePoints="1" numBranchPoints="1" visitedBranchPoints="1" sequenceCoverage="100" branchCoverage="100" maxCyclomaticComplexity="1" minCyclomaticComplexity="1" maxCrapScore="1" minCrapScore="1" visitedClasses="0" numClasses="0" visitedMethods="1" numMethods="1" />
              <MetadataToken>100663366</MetadataToken>
              <Name>System.Boolean DigitalRolodexClassLibrary.TextBoxValidator::&lt;HasEmptyField&gt;b__0(System.Windows.Forms.TextBoxBase)</Name>
              <FileRef uid="7" />
              <SequencePoints>
                <SequencePoint vc="6" uspid="208" ordinal="0" offset="0" sl="24" sc="45" el="24" ec="61" bec="0" bev="0" fileid="7" />
              </SequencePoints>
              <BranchPoints />
              <MethodPoint xsi:type="SequencePoint" vc="6" uspid="208" ordinal="0" offset="0" sl="24" sc="45" el="24" ec="61" bec="0" bev="0" fileid="7" />
            </Method>
          </Methods>
        </Class>
      </Classes>
    </Module>
  </Modules>
</CoverageSession>